memory[0]=8519694
memory[1]=8585231
memory[2]=8650764
memory[3]=8781837
memory[4]=6029317
memory[5]=19791873
memory[6]=655361
memory[7]=2359300
memory[8]=18874370
memory[9]=1179650
memory[10]=16842745
memory[11]=25165824
memory[12]=1
memory[13]=-1
memory[14]=32766
memory[15]=10383

@@@
state:
	pc 0
	memory: 
		mem[ 0 ] 8519694
		mem[ 1 ] 8585231
		mem[ 2 ] 8650764
		mem[ 3 ] 8781837
		mem[ 4 ] 6029317
		mem[ 5 ] 19791873
		mem[ 6 ] 655361
		mem[ 7 ] 2359300
		mem[ 8 ] 18874370
		mem[ 9 ] 1179650
		mem[ 10 ] 16842745
		mem[ 11 ] 25165824
		mem[ 12 ] 1
		mem[ 13 ] -1
		mem[ 14 ] 32766
		mem[ 15 ] 10383
	registers:
		reg[ 0 ] 0
		reg[ 1 ] 0
		reg[ 2 ] 0
		reg[ 3 ] 0
		reg[ 4 ] 0
		reg[ 5 ] 0
		reg[ 6 ] 0
		reg[ 7 ] 0
end state

@@@
state:
	pc 1
	memory: 
		mem[ 0 ] 8519694
		mem[ 1 ] 8585231
		mem[ 2 ] 8650764
		mem[ 3 ] 8781837
		mem[ 4 ] 6029317
		mem[ 5 ] 19791873
		mem[ 6 ] 655361
		mem[ 7 ] 2359300
		mem[ 8 ] 18874370
		mem[ 9 ] 1179650
		mem[ 10 ] 16842745
		mem[ 11 ] 25165824
		mem[ 12 ] 1
		mem[ 13 ] -1
		mem[ 14 ] 32766
		mem[ 15 ] 10383
	registers:
		reg[ 0 ] 0
		reg[ 1 ] 0
		reg[ 2 ] 32766
		reg[ 3 ] 0
		reg[ 4 ] 0
		reg[ 5 ] 0
		reg[ 6 ] 0
		reg[ 7 ] 0
end state

@@@
state:
	pc 2
	memory: 
		mem[ 0 ] 8519694
		mem[ 1 ] 8585231
		mem[ 2 ] 8650764
		mem[ 3 ] 8781837
		mem[ 4 ] 6029317
		mem[ 5 ] 19791873
		mem[ 6 ] 655361
		mem[ 7 ] 2359300
		mem[ 8 ] 18874370
		mem[ 9 ] 1179650
		mem[ 10 ] 16842745
		mem[ 11 ] 25165824
		mem[ 12 ] 1
		mem[ 13 ] -1
		mem[ 14 ] 32766
		mem[ 15 ] 10383
	registers:
		reg[ 0 ] 0
		reg[ 1 ] 0
		reg[ 2 ] 32766
		reg[ 3 ] 10383
		reg[ 4 ] 0
		reg[ 5 ] 0
		reg[ 6 ] 0
		reg[ 7 ] 0
end state

@@@
state:
	pc 3
	memory: 
		mem[ 0 ] 8519694
		mem[ 1 ] 8585231
		mem[ 2 ] 8650764
		mem[ 3 ] 8781837
		mem[ 4 ] 6029317
		mem[ 5 ] 19791873
		mem[ 6 ] 655361
		mem[ 7 ] 2359300
		mem[ 8 ] 18874370
		mem[ 9 ] 1179650
		mem[ 10 ] 16842745
		mem[ 11 ] 25165824
		mem[ 12 ] 1
		mem[ 13 ] -1
		mem[ 14 ] 32766
		mem[ 15 ] 10383
	registers:
		reg[ 0 ] 0
		reg[ 1 ] 0
		reg[ 2 ] 32766
		reg[ 3 ] 10383
		reg[ 4 ] 1
		reg[ 5 ] 0
		reg[ 6 ] 0
		reg[ 7 ] 0
end state

@@@
state:
	pc 4
	memory: 
		mem[ 0 ] 8519694
		mem[ 1 ] 8585231
		mem[ 2 ] 8650764
		mem[ 3 ] 8781837
		mem[ 4 ] 6029317
		mem[ 5 ] 19791873
		mem[ 6 ] 655361
		mem[ 7 ] 2359300
		mem[ 8 ] 18874370
		mem[ 9 ] 1179650
		mem[ 10 ] 16842745
		mem[ 11 ] 25165824
		mem[ 12 ] 1
		mem[ 13 ] -1
		mem[ 14 ] 32766
		mem[ 15 ] 10383
	registers:
		reg[ 0 ] 0
		reg[ 1 ] 0
		reg[ 2 ] 32766
		reg[ 3 ] 10383
		reg[ 4 ] 1
		reg[ 5 ] 0
		reg[ 6 ] -1
		reg[ 7 ] 0
end state

@@@
state:
	pc 5
	memory: 
		mem[ 0 ] 8519694
		mem[ 1 ] 8585231
		mem[ 2 ] 8650764
		mem[ 3 ] 8781837
		mem[ 4 ] 6029317
		mem[ 5 ] 19791873
		mem[ 6 ] 655361
		mem[ 7 ] 2359300
		mem[ 8 ] 18874370
		mem[ 9 ] 1179650
		mem[ 10 ] 16842745
		mem[ 11 ] 25165824
		mem[ 12 ] 1
		mem[ 13 ] -1
		mem[ 14 ] 32766
		mem[ 15 ] 10383
	registers:
		reg[ 0 ] 0
		reg[ 1 ] 0
		reg[ 2 ] 32766
		reg[ 3 ] 10383
		reg[ 4 ] 1
		reg[ 5 ] -2
		reg[ 6 ] -1
		reg[ 7 ] 0
end state

@@@
state:
	pc 6
	memory: 
		mem[ 0 ] 8519694
		mem[ 1 ] 8585231
		mem[ 2 ] 8650764
		mem[ 3 ] 8781837
		mem[ 4 ] 6029317
		mem[ 5 ] 19791873
		mem[ 6 ] 655361
		mem[ 7 ] 2359300
		mem[ 8 ] 18874370
		mem[ 9 ] 1179650
		mem[ 10 ] 16842745
		mem[ 11 ] 25165824
		mem[ 12 ] 1
		mem[ 13 ] -1
		mem[ 14 ] 32766
		mem[ 15 ] 10383
	registers:
		reg[ 0 ] 0
		reg[ 1 ] 0
		reg[ 2 ] 32766
		reg[ 3 ] 10383
		reg[ 4 ] 1
		reg[ 5 ] -2
		reg[ 6 ] -1
		reg[ 7 ] 0
end state

@@@
state:
	pc 7
	memory: 
		mem[ 0 ] 8519694
		mem[ 1 ] 8585231
		mem[ 2 ] 8650764
		mem[ 3 ] 8781837
		mem[ 4 ] 6029317
		mem[ 5 ] 19791873
		mem[ 6 ] 655361
		mem[ 7 ] 2359300
		mem[ 8 ] 18874370
		mem[ 9 ] 1179650
		mem[ 10 ] 16842745
		mem[ 11 ] 25165824
		mem[ 12 ] 1
		mem[ 13 ] -1
		mem[ 14 ] 32766
		mem[ 15 ] 10383
	registers:
		reg[ 0 ] 0
		reg[ 1 ] 32766
		reg[ 2 ] 32766
		reg[ 3 ] 10383
		reg[ 4 ] 1
		reg[ 5 ] -2
		reg[ 6 ] -1
		reg[ 7 ] 0
end state

@@@
state:
	pc 8
	memory: 
		mem[ 0 ] 8519694
		mem[ 1 ] 8585231
		mem[ 2 ] 8650764
		mem[ 3 ] 8781837
		mem[ 4 ] 6029317
		mem[ 5 ] 19791873
		mem[ 6 ] 655361
		mem[ 7 ] 2359300
		mem[ 8 ] 18874370
		mem[ 9 ] 1179650
		mem[ 10 ] 16842745
		mem[ 11 ] 25165824
		mem[ 12 ] 1
		mem[ 13 ] -1
		mem[ 14 ] 32766
		mem[ 15 ] 10383
	registers:
		reg[ 0 ] 0
		reg[ 1 ] 32766
		reg[ 2 ] 32766
		reg[ 3 ] 10383
		reg[ 4 ] 2
		reg[ 5 ] -2
		reg[ 6 ] -1
		reg[ 7 ] 0
end state

@@@
state:
	pc 9
	memory: 
		mem[ 0 ] 8519694
		mem[ 1 ] 8585231
		mem[ 2 ] 8650764
		mem[ 3 ] 8781837
		mem[ 4 ] 6029317
		mem[ 5 ] 19791873
		mem[ 6 ] 655361
		mem[ 7 ] 2359300
		mem[ 8 ] 18874370
		mem[ 9 ] 1179650
		mem[ 10 ] 16842745
		mem[ 11 ] 25165824
		mem[ 12 ] 1
		mem[ 13 ] -1
		mem[ 14 ] 32766
		mem[ 15 ] 10383
	registers:
		reg[ 0 ] 0
		reg[ 1 ] 32766
		reg[ 2 ] 32766
		reg[ 3 ] 10383
		reg[ 4 ] 2
		reg[ 5 ] -2
		reg[ 6 ] -1
		reg[ 7 ] 0
end state

@@@
state:
	pc 10
	memory: 
		mem[ 0 ] 8519694
		mem[ 1 ] 8585231
		mem[ 2 ] 8650764
		mem[ 3 ] 8781837
		mem[ 4 ] 6029317
		mem[ 5 ] 19791873
		mem[ 6 ] 655361
		mem[ 7 ] 2359300
		mem[ 8 ] 18874370
		mem[ 9 ] 1179650
		mem[ 10 ] 16842745
		mem[ 11 ] 25165824
		mem[ 12 ] 1
		mem[ 13 ] -1
		mem[ 14 ] 32766
		mem[ 15 ] 10383
	registers:
		reg[ 0 ] 0
		reg[ 1 ] 32766
		reg[ 2 ] 65532
		reg[ 3 ] 10383
		reg[ 4 ] 2
		reg[ 5 ] -2
		reg[ 6 ] -1
		reg[ 7 ] 0
end state

@@@
state:
	pc 4
	memory: 
		mem[ 0 ] 8519694
		mem[ 1 ] 8585231
		mem[ 2 ] 8650764
		mem[ 3 ] 8781837
		mem[ 4 ] 6029317
		mem[ 5 ] 19791873
		mem[ 6 ] 655361
		mem[ 7 ] 2359300
		mem[ 8 ] 18874370
		mem[ 9 ] 1179650
		mem[ 10 ] 16842745
		mem[ 11 ] 25165824
		mem[ 12 ] 1
		mem[ 13 ] -1
		mem[ 14 ] 32766
		mem[ 15 ] 10383
	registers:
		reg[ 0 ] 0
		reg[ 1 ] 32766
		reg[ 2 ] 65532
		reg[ 3 ] 10383
		reg[ 4 ] 2
		reg[ 5 ] -2
		reg[ 6 ] -1
		reg[ 7 ] 0
end state

@@@
state:
	pc 5
	memory: 
		mem[ 0 ] 8519694
		mem[ 1 ] 8585231
		mem[ 2 ] 8650764
		mem[ 3 ] 8781837
		mem[ 4 ] 6029317
		mem[ 5 ] 19791873
		mem[ 6 ] 655361
		mem[ 7 ] 2359300
		mem[ 8 ] 18874370
		mem[ 9 ] 1179650
		mem[ 10 ] 16842745
		mem[ 11 ] 25165824
		mem[ 12 ] 1
		mem[ 13 ] -1
		mem[ 14 ] 32766
		mem[ 15 ] 10383
	registers:
		reg[ 0 ] 0
		reg[ 1 ] 32766
		reg[ 2 ] 65532
		reg[ 3 ] 10383
		reg[ 4 ] 2
		reg[ 5 ] -3
		reg[ 6 ] -1
		reg[ 7 ] 0
end state

@@@
state:
	pc 6
	memory: 
		mem[ 0 ] 8519694
		mem[ 1 ] 8585231
		mem[ 2 ] 8650764
		mem[ 3 ] 8781837
		mem[ 4 ] 6029317
		mem[ 5 ] 19791873
		mem[ 6 ] 655361
		mem[ 7 ] 2359300
		mem[ 8 ] 18874370
		mem[ 9 ] 1179650
		mem[ 10 ] 16842745
		mem[ 11 ] 25165824
		mem[ 12 ] 1
		mem[ 13 ] -1
		mem[ 14 ] 32766
		mem[ 15 ] 10383
	registers:
		reg[ 0 ] 0
		reg[ 1 ] 32766
		reg[ 2 ] 65532
		reg[ 3 ] 10383
		reg[ 4 ] 2
		reg[ 5 ] -3
		reg[ 6 ] -1
		reg[ 7 ] 0
end state

@@@
state:
	pc 7
	memory: 
		mem[ 0 ] 8519694
		mem[ 1 ] 8585231
		mem[ 2 ] 8650764
		mem[ 3 ] 8781837
		mem[ 4 ] 6029317
		mem[ 5 ] 19791873
		mem[ 6 ] 655361
		mem[ 7 ] 2359300
		mem[ 8 ] 18874370
		mem[ 9 ] 1179650
		mem[ 10 ] 16842745
		mem[ 11 ] 25165824
		mem[ 12 ] 1
		mem[ 13 ] -1
		mem[ 14 ] 32766
		mem[ 15 ] 10383
	registers:
		reg[ 0 ] 0
		reg[ 1 ] 98298
		reg[ 2 ] 65532
		reg[ 3 ] 10383
		reg[ 4 ] 2
		reg[ 5 ] -3
		reg[ 6 ] -1
		reg[ 7 ] 0
end state

@@@
state:
	pc 8
	memory: 
		mem[ 0 ] 8519694
		mem[ 1 ] 8585231
		mem[ 2 ] 8650764
		mem[ 3 ] 8781837
		mem[ 4 ] 6029317
		mem[ 5 ] 19791873
		mem[ 6 ] 655361
		mem[ 7 ] 2359300
		mem[ 8 ] 18874370
		mem[ 9 ] 1179650
		mem[ 10 ] 16842745
		mem[ 11 ] 25165824
		mem[ 12 ] 1
		mem[ 13 ] -1
		mem[ 14 ] 32766
		mem[ 15 ] 10383
	registers:
		reg[ 0 ] 0
		reg[ 1 ] 98298
		reg[ 2 ] 65532
		reg[ 3 ] 10383
		reg[ 4 ] 4
		reg[ 5 ] -3
		reg[ 6 ] -1
		reg[ 7 ] 0
end state

@@@
state:
	pc 9
	memory: 
		mem[ 0 ] 8519694
		mem[ 1 ] 8585231
		mem[ 2 ] 8650764
		mem[ 3 ] 8781837
		mem[ 4 ] 6029317
		mem[ 5 ] 19791873
		mem[ 6 ] 655361
		mem[ 7 ] 2359300
		mem[ 8 ] 18874370
		mem[ 9 ] 1179650
		mem[ 10 ] 16842745
		mem[ 11 ] 25165824
		mem[ 12 ] 1
		mem[ 13 ] -1
		mem[ 14 ] 32766
		mem[ 15 ] 10383
	registers:
		reg[ 0 ] 0
		reg[ 1 ] 98298
		reg[ 2 ] 65532
		reg[ 3 ] 10383
		reg[ 4 ] 4
		reg[ 5 ] -3
		reg[ 6 ] -1
		reg[ 7 ] 0
end state

@@@
state:
	pc 10
	memory: 
		mem[ 0 ] 8519694
		mem[ 1 ] 8585231
		mem[ 2 ] 8650764
		mem[ 3 ] 8781837
		mem[ 4 ] 6029317
		mem[ 5 ] 19791873
		mem[ 6 ] 655361
		mem[ 7 ] 2359300
		mem[ 8 ] 18874370
		mem[ 9 ] 1179650
		mem[ 10 ] 16842745
		mem[ 11 ] 25165824
		mem[ 12 ] 1
		mem[ 13 ] -1
		mem[ 14 ] 32766
		mem[ 15 ] 10383
	registers:
		reg[ 0 ] 0
		reg[ 1 ] 98298
		reg[ 2 ] 131064
		reg[ 3 ] 10383
		reg[ 4 ] 4
		reg[ 5 ] -3
		reg[ 6 ] -1
		reg[ 7 ] 0
end state

@@@
state:
	pc 4
	memory: 
		mem[ 0 ] 8519694
		mem[ 1 ] 8585231
		mem[ 2 ] 8650764
		mem[ 3 ] 8781837
		mem[ 4 ] 6029317
		mem[ 5 ] 19791873
		mem[ 6 ] 655361
		mem[ 7 ] 2359300
		mem[ 8 ] 18874370
		mem[ 9 ] 1179650
		mem[ 10 ] 16842745
		mem[ 11 ] 25165824
		mem[ 12 ] 1
		mem[ 13 ] -1
		mem[ 14 ] 32766
		mem[ 15 ] 10383
	registers:
		reg[ 0 ] 0
		reg[ 1 ] 98298
		reg[ 2 ] 131064
		reg[ 3 ] 10383
		reg[ 4 ] 4
		reg[ 5 ] -3
		reg[ 6 ] -1
		reg[ 7 ] 0
end state

@@@
state:
	pc 5
	memory: 
		mem[ 0 ] 8519694
		mem[ 1 ] 8585231
		mem[ 2 ] 8650764
		mem[ 3 ] 8781837
		mem[ 4 ] 6029317
		mem[ 5 ] 19791873
		mem[ 6 ] 655361
		mem[ 7 ] 2359300
		mem[ 8 ] 18874370
		mem[ 9 ] 1179650
		mem[ 10 ] 16842745
		mem[ 11 ] 25165824
		mem[ 12 ] 1
		mem[ 13 ] -1
		mem[ 14 ] 32766
		mem[ 15 ] 10383
	registers:
		reg[ 0 ] 0
		reg[ 1 ] 98298
		reg[ 2 ] 131064
		reg[ 3 ] 10383
		reg[ 4 ] 4
		reg[ 5 ] -5
		reg[ 6 ] -1
		reg[ 7 ] 0
end state

@@@
state:
	pc 6
	memory: 
		mem[ 0 ] 8519694
		mem[ 1 ] 8585231
		mem[ 2 ] 8650764
		mem[ 3 ] 8781837
		mem[ 4 ] 6029317
		mem[ 5 ] 19791873
		mem[ 6 ] 655361
		mem[ 7 ] 2359300
		mem[ 8 ] 18874370
		mem[ 9 ] 1179650
		mem[ 10 ] 16842745
		mem[ 11 ] 25165824
		mem[ 12 ] 1
		mem[ 13 ] -1
		mem[ 14 ] 32766
		mem[ 15 ] 10383
	registers:
		reg[ 0 ] 0
		reg[ 1 ] 98298
		reg[ 2 ] 131064
		reg[ 3 ] 10383
		reg[ 4 ] 4
		reg[ 5 ] -5
		reg[ 6 ] -1
		reg[ 7 ] 0
end state

@@@
state:
	pc 7
	memory: 
		mem[ 0 ] 8519694
		mem[ 1 ] 8585231
		mem[ 2 ] 8650764
		mem[ 3 ] 8781837
		mem[ 4 ] 6029317
		mem[ 5 ] 19791873
		mem[ 6 ] 655361
		mem[ 7 ] 2359300
		mem[ 8 ] 18874370
		mem[ 9 ] 1179650
		mem[ 10 ] 16842745
		mem[ 11 ] 25165824
		mem[ 12 ] 1
		mem[ 13 ] -1
		mem[ 14 ] 32766
		mem[ 15 ] 10383
	registers:
		reg[ 0 ] 0
		reg[ 1 ] 229362
		reg[ 2 ] 131064
		reg[ 3 ] 10383
		reg[ 4 ] 4
		reg[ 5 ] -5
		reg[ 6 ] -1
		reg[ 7 ] 0
end state

@@@
state:
	pc 8
	memory: 
		mem[ 0 ] 8519694
		mem[ 1 ] 8585231
		mem[ 2 ] 8650764
		mem[ 3 ] 8781837
		mem[ 4 ] 6029317
		mem[ 5 ] 19791873
		mem[ 6 ] 655361
		mem[ 7 ] 2359300
		mem[ 8 ] 18874370
		mem[ 9 ] 1179650
		mem[ 10 ] 16842745
		mem[ 11 ] 25165824
		mem[ 12 ] 1
		mem[ 13 ] -1
		mem[ 14 ] 32766
		mem[ 15 ] 10383
	registers:
		reg[ 0 ] 0
		reg[ 1 ] 229362
		reg[ 2 ] 131064
		reg[ 3 ] 10383
		reg[ 4 ] 8
		reg[ 5 ] -5
		reg[ 6 ] -1
		reg[ 7 ] 0
end state

@@@
state:
	pc 9
	memory: 
		mem[ 0 ] 8519694
		mem[ 1 ] 8585231
		mem[ 2 ] 8650764
		mem[ 3 ] 8781837
		mem[ 4 ] 6029317
		mem[ 5 ] 19791873
		mem[ 6 ] 655361
		mem[ 7 ] 2359300
		mem[ 8 ] 18874370
		mem[ 9 ] 1179650
		mem[ 10 ] 16842745
		mem[ 11 ] 25165824
		mem[ 12 ] 1
		mem[ 13 ] -1
		mem[ 14 ] 32766
		mem[ 15 ] 10383
	registers:
		reg[ 0 ] 0
		reg[ 1 ] 229362
		reg[ 2 ] 131064
		reg[ 3 ] 10383
		reg[ 4 ] 8
		reg[ 5 ] -5
		reg[ 6 ] -1
		reg[ 7 ] 0
end state

@@@
state:
	pc 10
	memory: 
		mem[ 0 ] 8519694
		mem[ 1 ] 8585231
		mem[ 2 ] 8650764
		mem[ 3 ] 8781837
		mem[ 4 ] 6029317
		mem[ 5 ] 19791873
		mem[ 6 ] 655361
		mem[ 7 ] 2359300
		mem[ 8 ] 18874370
		mem[ 9 ] 1179650
		mem[ 10 ] 16842745
		mem[ 11 ] 25165824
		mem[ 12 ] 1
		mem[ 13 ] -1
		mem[ 14 ] 32766
		mem[ 15 ] 10383
	registers:
		reg[ 0 ] 0
		reg[ 1 ] 229362
		reg[ 2 ] 262128
		reg[ 3 ] 10383
		reg[ 4 ] 8
		reg[ 5 ] -5
		reg[ 6 ] -1
		reg[ 7 ] 0
end state

@@@
state:
	pc 4
	memory: 
		mem[ 0 ] 8519694
		mem[ 1 ] 8585231
		mem[ 2 ] 8650764
		mem[ 3 ] 8781837
		mem[ 4 ] 6029317
		mem[ 5 ] 19791873
		mem[ 6 ] 655361
		mem[ 7 ] 2359300
		mem[ 8 ] 18874370
		mem[ 9 ] 1179650
		mem[ 10 ] 16842745
		mem[ 11 ] 25165824
		mem[ 12 ] 1
		mem[ 13 ] -1
		mem[ 14 ] 32766
		mem[ 15 ] 10383
	registers:
		reg[ 0 ] 0
		reg[ 1 ] 229362
		reg[ 2 ] 262128
		reg[ 3 ] 10383
		reg[ 4 ] 8
		reg[ 5 ] -5
		reg[ 6 ] -1
		reg[ 7 ] 0
end state

@@@
state:
	pc 5
	memory: 
		mem[ 0 ] 8519694
		mem[ 1 ] 8585231
		mem[ 2 ] 8650764
		mem[ 3 ] 8781837
		mem[ 4 ] 6029317
		mem[ 5 ] 19791873
		mem[ 6 ] 655361
		mem[ 7 ] 2359300
		mem[ 8 ] 18874370
		mem[ 9 ] 1179650
		mem[ 10 ] 16842745
		mem[ 11 ] 25165824
		mem[ 12 ] 1
		mem[ 13 ] -1
		mem[ 14 ] 32766
		mem[ 15 ] 10383
	registers:
		reg[ 0 ] 0
		reg[ 1 ] 229362
		reg[ 2 ] 262128
		reg[ 3 ] 10383
		reg[ 4 ] 8
		reg[ 5 ] -9
		reg[ 6 ] -1
		reg[ 7 ] 0
end state

@@@
state:
	pc 6
	memory: 
		mem[ 0 ] 8519694
		mem[ 1 ] 8585231
		mem[ 2 ] 8650764
		mem[ 3 ] 8781837
		mem[ 4 ] 6029317
		mem[ 5 ] 19791873
		mem[ 6 ] 655361
		mem[ 7 ] 2359300
		mem[ 8 ] 18874370
		mem[ 9 ] 1179650
		mem[ 10 ] 16842745
		mem[ 11 ] 25165824
		mem[ 12 ] 1
		mem[ 13 ] -1
		mem[ 14 ] 32766
		mem[ 15 ] 10383
	registers:
		reg[ 0 ] 0
		reg[ 1 ] 229362
		reg[ 2 ] 262128
		reg[ 3 ] 10383
		reg[ 4 ] 8
		reg[ 5 ] -9
		reg[ 6 ] -1
		reg[ 7 ] 0
end state

@@@
state:
	pc 7
	memory: 
		mem[ 0 ] 8519694
		mem[ 1 ] 8585231
		mem[ 2 ] 8650764
		mem[ 3 ] 8781837
		mem[ 4 ] 6029317
		mem[ 5 ] 19791873
		mem[ 6 ] 655361
		mem[ 7 ] 2359300
		mem[ 8 ] 18874370
		mem[ 9 ] 1179650
		mem[ 10 ] 16842745
		mem[ 11 ] 25165824
		mem[ 12 ] 1
		mem[ 13 ] -1
		mem[ 14 ] 32766
		mem[ 15 ] 10383
	registers:
		reg[ 0 ] 0
		reg[ 1 ] 491490
		reg[ 2 ] 262128
		reg[ 3 ] 10383
		reg[ 4 ] 8
		reg[ 5 ] -9
		reg[ 6 ] -1
		reg[ 7 ] 0
end state

@@@
state:
	pc 8
	memory: 
		mem[ 0 ] 8519694
		mem[ 1 ] 8585231
		mem[ 2 ] 8650764
		mem[ 3 ] 8781837
		mem[ 4 ] 6029317
		mem[ 5 ] 19791873
		mem[ 6 ] 655361
		mem[ 7 ] 2359300
		mem[ 8 ] 18874370
		mem[ 9 ] 1179650
		mem[ 10 ] 16842745
		mem[ 11 ] 25165824
		mem[ 12 ] 1
		mem[ 13 ] -1
		mem[ 14 ] 32766
		mem[ 15 ] 10383
	registers:
		reg[ 0 ] 0
		reg[ 1 ] 491490
		reg[ 2 ] 262128
		reg[ 3 ] 10383
		reg[ 4 ] 16
		reg[ 5 ] -9
		reg[ 6 ] -1
		reg[ 7 ] 0
end state

@@@
state:
	pc 9
	memory: 
		mem[ 0 ] 8519694
		mem[ 1 ] 8585231
		mem[ 2 ] 8650764
		mem[ 3 ] 8781837
		mem[ 4 ] 6029317
		mem[ 5 ] 19791873
		mem[ 6 ] 655361
		mem[ 7 ] 2359300
		mem[ 8 ] 18874370
		mem[ 9 ] 1179650
		mem[ 10 ] 16842745
		mem[ 11 ] 25165824
		mem[ 12 ] 1
		mem[ 13 ] -1
		mem[ 14 ] 32766
		mem[ 15 ] 10383
	registers:
		reg[ 0 ] 0
		reg[ 1 ] 491490
		reg[ 2 ] 262128
		reg[ 3 ] 10383
		reg[ 4 ] 16
		reg[ 5 ] -9
		reg[ 6 ] -1
		reg[ 7 ] 0
end state

@@@
state:
	pc 10
	memory: 
		mem[ 0 ] 8519694
		mem[ 1 ] 8585231
		mem[ 2 ] 8650764
		mem[ 3 ] 8781837
		mem[ 4 ] 6029317
		mem[ 5 ] 19791873
		mem[ 6 ] 655361
		mem[ 7 ] 2359300
		mem[ 8 ] 18874370
		mem[ 9 ] 1179650
		mem[ 10 ] 16842745
		mem[ 11 ] 25165824
		mem[ 12 ] 1
		mem[ 13 ] -1
		mem[ 14 ] 32766
		mem[ 15 ] 10383
	registers:
		reg[ 0 ] 0
		reg[ 1 ] 491490
		reg[ 2 ] 524256
		reg[ 3 ] 10383
		reg[ 4 ] 16
		reg[ 5 ] -9
		reg[ 6 ] -1
		reg[ 7 ] 0
end state

@@@
state:
	pc 4
	memory: 
		mem[ 0 ] 8519694
		mem[ 1 ] 8585231
		mem[ 2 ] 8650764
		mem[ 3 ] 8781837
		mem[ 4 ] 6029317
		mem[ 5 ] 19791873
		mem[ 6 ] 655361
		mem[ 7 ] 2359300
		mem[ 8 ] 18874370
		mem[ 9 ] 1179650
		mem[ 10 ] 16842745
		mem[ 11 ] 25165824
		mem[ 12 ] 1
		mem[ 13 ] -1
		mem[ 14 ] 32766
		mem[ 15 ] 10383
	registers:
		reg[ 0 ] 0
		reg[ 1 ] 491490
		reg[ 2 ] 524256
		reg[ 3 ] 10383
		reg[ 4 ] 16
		reg[ 5 ] -9
		reg[ 6 ] -1
		reg[ 7 ] 0
end state

@@@
state:
	pc 5
	memory: 
		mem[ 0 ] 8519694
		mem[ 1 ] 8585231
		mem[ 2 ] 8650764
		mem[ 3 ] 8781837
		mem[ 4 ] 6029317
		mem[ 5 ] 19791873
		mem[ 6 ] 655361
		mem[ 7 ] 2359300
		mem[ 8 ] 18874370
		mem[ 9 ] 1179650
		mem[ 10 ] 16842745
		mem[ 11 ] 25165824
		mem[ 12 ] 1
		mem[ 13 ] -1
		mem[ 14 ] 32766
		mem[ 15 ] 10383
	registers:
		reg[ 0 ] 0
		reg[ 1 ] 491490
		reg[ 2 ] 524256
		reg[ 3 ] 10383
		reg[ 4 ] 16
		reg[ 5 ] -1
		reg[ 6 ] -1
		reg[ 7 ] 0
end state

@@@
state:
	pc 7
	memory: 
		mem[ 0 ] 8519694
		mem[ 1 ] 8585231
		mem[ 2 ] 8650764
		mem[ 3 ] 8781837
		mem[ 4 ] 6029317
		mem[ 5 ] 19791873
		mem[ 6 ] 655361
		mem[ 7 ] 2359300
		mem[ 8 ] 18874370
		mem[ 9 ] 1179650
		mem[ 10 ] 16842745
		mem[ 11 ] 25165824
		mem[ 12 ] 1
		mem[ 13 ] -1
		mem[ 14 ] 32766
		mem[ 15 ] 10383
	registers:
		reg[ 0 ] 0
		reg[ 1 ] 491490
		reg[ 2 ] 524256
		reg[ 3 ] 10383
		reg[ 4 ] 16
		reg[ 5 ] -1
		reg[ 6 ] -1
		reg[ 7 ] 0
end state

@@@
state:
	pc 8
	memory: 
		mem[ 0 ] 8519694
		mem[ 1 ] 8585231
		mem[ 2 ] 8650764
		mem[ 3 ] 8781837
		mem[ 4 ] 6029317
		mem[ 5 ] 19791873
		mem[ 6 ] 655361
		mem[ 7 ] 2359300
		mem[ 8 ] 18874370
		mem[ 9 ] 1179650
		mem[ 10 ] 16842745
		mem[ 11 ] 25165824
		mem[ 12 ] 1
		mem[ 13 ] -1
		mem[ 14 ] 32766
		mem[ 15 ] 10383
	registers:
		reg[ 0 ] 0
		reg[ 1 ] 491490
		reg[ 2 ] 524256
		reg[ 3 ] 10383
		reg[ 4 ] 32
		reg[ 5 ] -1
		reg[ 6 ] -1
		reg[ 7 ] 0
end state

@@@
state:
	pc 9
	memory: 
		mem[ 0 ] 8519694
		mem[ 1 ] 8585231
		mem[ 2 ] 8650764
		mem[ 3 ] 8781837
		mem[ 4 ] 6029317
		mem[ 5 ] 19791873
		mem[ 6 ] 655361
		mem[ 7 ] 2359300
		mem[ 8 ] 18874370
		mem[ 9 ] 1179650
		mem[ 10 ] 16842745
		mem[ 11 ] 25165824
		mem[ 12 ] 1
		mem[ 13 ] -1
		mem[ 14 ] 32766
		mem[ 15 ] 10383
	registers:
		reg[ 0 ] 0
		reg[ 1 ] 491490
		reg[ 2 ] 524256
		reg[ 3 ] 10383
		reg[ 4 ] 32
		reg[ 5 ] -1
		reg[ 6 ] -1
		reg[ 7 ] 0
end state

@@@
state:
	pc 10
	memory: 
		mem[ 0 ] 8519694
		mem[ 1 ] 8585231
		mem[ 2 ] 8650764
		mem[ 3 ] 8781837
		mem[ 4 ] 6029317
		mem[ 5 ] 19791873
		mem[ 6 ] 655361
		mem[ 7 ] 2359300
		mem[ 8 ] 18874370
		mem[ 9 ] 1179650
		mem[ 10 ] 16842745
		mem[ 11 ] 25165824
		mem[ 12 ] 1
		mem[ 13 ] -1
		mem[ 14 ] 32766
		mem[ 15 ] 10383
	registers:
		reg[ 0 ] 0
		reg[ 1 ] 491490
		reg[ 2 ] 1048512
		reg[ 3 ] 10383
		reg[ 4 ] 32
		reg[ 5 ] -1
		reg[ 6 ] -1
		reg[ 7 ] 0
end state

@@@
state:
	pc 4
	memory: 
		mem[ 0 ] 8519694
		mem[ 1 ] 8585231
		mem[ 2 ] 8650764
		mem[ 3 ] 8781837
		mem[ 4 ] 6029317
		mem[ 5 ] 19791873
		mem[ 6 ] 655361
		mem[ 7 ] 2359300
		mem[ 8 ] 18874370
		mem[ 9 ] 1179650
		mem[ 10 ] 16842745
		mem[ 11 ] 25165824
		mem[ 12 ] 1
		mem[ 13 ] -1
		mem[ 14 ] 32766
		mem[ 15 ] 10383
	registers:
		reg[ 0 ] 0
		reg[ 1 ] 491490
		reg[ 2 ] 1048512
		reg[ 3 ] 10383
		reg[ 4 ] 32
		reg[ 5 ] -1
		reg[ 6 ] -1
		reg[ 7 ] 0
end state

@@@
state:
	pc 5
	memory: 
		mem[ 0 ] 8519694
		mem[ 1 ] 8585231
		mem[ 2 ] 8650764
		mem[ 3 ] 8781837
		mem[ 4 ] 6029317
		mem[ 5 ] 19791873
		mem[ 6 ] 655361
		mem[ 7 ] 2359300
		mem[ 8 ] 18874370
		mem[ 9 ] 1179650
		mem[ 10 ] 16842745
		mem[ 11 ] 25165824
		mem[ 12 ] 1
		mem[ 13 ] -1
		mem[ 14 ] 32766
		mem[ 15 ] 10383
	registers:
		reg[ 0 ] 0
		reg[ 1 ] 491490
		reg[ 2 ] 1048512
		reg[ 3 ] 10383
		reg[ 4 ] 32
		reg[ 5 ] -1
		reg[ 6 ] -1
		reg[ 7 ] 0
end state

@@@
state:
	pc 7
	memory: 
		mem[ 0 ] 8519694
		mem[ 1 ] 8585231
		mem[ 2 ] 8650764
		mem[ 3 ] 8781837
		mem[ 4 ] 6029317
		mem[ 5 ] 19791873
		mem[ 6 ] 655361
		mem[ 7 ] 2359300
		mem[ 8 ] 18874370
		mem[ 9 ] 1179650
		mem[ 10 ] 16842745
		mem[ 11 ] 25165824
		mem[ 12 ] 1
		mem[ 13 ] -1
		mem[ 14 ] 32766
		mem[ 15 ] 10383
	registers:
		reg[ 0 ] 0
		reg[ 1 ] 491490
		reg[ 2 ] 1048512
		reg[ 3 ] 10383
		reg[ 4 ] 32
		reg[ 5 ] -1
		reg[ 6 ] -1
		reg[ 7 ] 0
end state

@@@
state:
	pc 8
	memory: 
		mem[ 0 ] 8519694
		mem[ 1 ] 8585231
		mem[ 2 ] 8650764
		mem[ 3 ] 8781837
		mem[ 4 ] 6029317
		mem[ 5 ] 19791873
		mem[ 6 ] 655361
		mem[ 7 ] 2359300
		mem[ 8 ] 18874370
		mem[ 9 ] 1179650
		mem[ 10 ] 16842745
		mem[ 11 ] 25165824
		mem[ 12 ] 1
		mem[ 13 ] -1
		mem[ 14 ] 32766
		mem[ 15 ] 10383
	registers:
		reg[ 0 ] 0
		reg[ 1 ] 491490
		reg[ 2 ] 1048512
		reg[ 3 ] 10383
		reg[ 4 ] 64
		reg[ 5 ] -1
		reg[ 6 ] -1
		reg[ 7 ] 0
end state

@@@
state:
	pc 9
	memory: 
		mem[ 0 ] 8519694
		mem[ 1 ] 8585231
		mem[ 2 ] 8650764
		mem[ 3 ] 8781837
		mem[ 4 ] 6029317
		mem[ 5 ] 19791873
		mem[ 6 ] 655361
		mem[ 7 ] 2359300
		mem[ 8 ] 18874370
		mem[ 9 ] 1179650
		mem[ 10 ] 16842745
		mem[ 11 ] 25165824
		mem[ 12 ] 1
		mem[ 13 ] -1
		mem[ 14 ] 32766
		mem[ 15 ] 10383
	registers:
		reg[ 0 ] 0
		reg[ 1 ] 491490
		reg[ 2 ] 1048512
		reg[ 3 ] 10383
		reg[ 4 ] 64
		reg[ 5 ] -1
		reg[ 6 ] -1
		reg[ 7 ] 0
end state

@@@
state:
	pc 10
	memory: 
		mem[ 0 ] 8519694
		mem[ 1 ] 8585231
		mem[ 2 ] 8650764
		mem[ 3 ] 8781837
		mem[ 4 ] 6029317
		mem[ 5 ] 19791873
		mem[ 6 ] 655361
		mem[ 7 ] 2359300
		mem[ 8 ] 18874370
		mem[ 9 ] 1179650
		mem[ 10 ] 16842745
		mem[ 11 ] 25165824
		mem[ 12 ] 1
		mem[ 13 ] -1
		mem[ 14 ] 32766
		mem[ 15 ] 10383
	registers:
		reg[ 0 ] 0
		reg[ 1 ] 491490
		reg[ 2 ] 2097024
		reg[ 3 ] 10383
		reg[ 4 ] 64
		reg[ 5 ] -1
		reg[ 6 ] -1
		reg[ 7 ] 0
end state

@@@
state:
	pc 4
	memory: 
		mem[ 0 ] 8519694
		mem[ 1 ] 8585231
		mem[ 2 ] 8650764
		mem[ 3 ] 8781837
		mem[ 4 ] 6029317
		mem[ 5 ] 19791873
		mem[ 6 ] 655361
		mem[ 7 ] 2359300
		mem[ 8 ] 18874370
		mem[ 9 ] 1179650
		mem[ 10 ] 16842745
		mem[ 11 ] 25165824
		mem[ 12 ] 1
		mem[ 13 ] -1
		mem[ 14 ] 32766
		mem[ 15 ] 10383
	registers:
		reg[ 0 ] 0
		reg[ 1 ] 491490
		reg[ 2 ] 2097024
		reg[ 3 ] 10383
		reg[ 4 ] 64
		reg[ 5 ] -1
		reg[ 6 ] -1
		reg[ 7 ] 0
end state

@@@
state:
	pc 5
	memory: 
		mem[ 0 ] 8519694
		mem[ 1 ] 8585231
		mem[ 2 ] 8650764
		mem[ 3 ] 8781837
		mem[ 4 ] 6029317
		mem[ 5 ] 19791873
		mem[ 6 ] 655361
		mem[ 7 ] 2359300
		mem[ 8 ] 18874370
		mem[ 9 ] 1179650
		mem[ 10 ] 16842745
		mem[ 11 ] 25165824
		mem[ 12 ] 1
		mem[ 13 ] -1
		mem[ 14 ] 32766
		mem[ 15 ] 10383
	registers:
		reg[ 0 ] 0
		reg[ 1 ] 491490
		reg[ 2 ] 2097024
		reg[ 3 ] 10383
		reg[ 4 ] 64
		reg[ 5 ] -1
		reg[ 6 ] -1
		reg[ 7 ] 0
end state

@@@
state:
	pc 7
	memory: 
		mem[ 0 ] 8519694
		mem[ 1 ] 8585231
		mem[ 2 ] 8650764
		mem[ 3 ] 8781837
		mem[ 4 ] 6029317
		mem[ 5 ] 19791873
		mem[ 6 ] 655361
		mem[ 7 ] 2359300
		mem[ 8 ] 18874370
		mem[ 9 ] 1179650
		mem[ 10 ] 16842745
		mem[ 11 ] 25165824
		mem[ 12 ] 1
		mem[ 13 ] -1
		mem[ 14 ] 32766
		mem[ 15 ] 10383
	registers:
		reg[ 0 ] 0
		reg[ 1 ] 491490
		reg[ 2 ] 2097024
		reg[ 3 ] 10383
		reg[ 4 ] 64
		reg[ 5 ] -1
		reg[ 6 ] -1
		reg[ 7 ] 0
end state

@@@
state:
	pc 8
	memory: 
		mem[ 0 ] 8519694
		mem[ 1 ] 8585231
		mem[ 2 ] 8650764
		mem[ 3 ] 8781837
		mem[ 4 ] 6029317
		mem[ 5 ] 19791873
		mem[ 6 ] 655361
		mem[ 7 ] 2359300
		mem[ 8 ] 18874370
		mem[ 9 ] 1179650
		mem[ 10 ] 16842745
		mem[ 11 ] 25165824
		mem[ 12 ] 1
		mem[ 13 ] -1
		mem[ 14 ] 32766
		mem[ 15 ] 10383
	registers:
		reg[ 0 ] 0
		reg[ 1 ] 491490
		reg[ 2 ] 2097024
		reg[ 3 ] 10383
		reg[ 4 ] 128
		reg[ 5 ] -1
		reg[ 6 ] -1
		reg[ 7 ] 0
end state

@@@
state:
	pc 9
	memory: 
		mem[ 0 ] 8519694
		mem[ 1 ] 8585231
		mem[ 2 ] 8650764
		mem[ 3 ] 8781837
		mem[ 4 ] 6029317
		mem[ 5 ] 19791873
		mem[ 6 ] 655361
		mem[ 7 ] 2359300
		mem[ 8 ] 18874370
		mem[ 9 ] 1179650
		mem[ 10 ] 16842745
		mem[ 11 ] 25165824
		mem[ 12 ] 1
		mem[ 13 ] -1
		mem[ 14 ] 32766
		mem[ 15 ] 10383
	registers:
		reg[ 0 ] 0
		reg[ 1 ] 491490
		reg[ 2 ] 2097024
		reg[ 3 ] 10383
		reg[ 4 ] 128
		reg[ 5 ] -1
		reg[ 6 ] -1
		reg[ 7 ] 0
end state

@@@
state:
	pc 10
	memory: 
		mem[ 0 ] 8519694
		mem[ 1 ] 8585231
		mem[ 2 ] 8650764
		mem[ 3 ] 8781837
		mem[ 4 ] 6029317
		mem[ 5 ] 19791873
		mem[ 6 ] 655361
		mem[ 7 ] 2359300
		mem[ 8 ] 18874370
		mem[ 9 ] 1179650
		mem[ 10 ] 16842745
		mem[ 11 ] 25165824
		mem[ 12 ] 1
		mem[ 13 ] -1
		mem[ 14 ] 32766
		mem[ 15 ] 10383
	registers:
		reg[ 0 ] 0
		reg[ 1 ] 491490
		reg[ 2 ] 4194048
		reg[ 3 ] 10383
		reg[ 4 ] 128
		reg[ 5 ] -1
		reg[ 6 ] -1
		reg[ 7 ] 0
end state

@@@
state:
	pc 4
	memory: 
		mem[ 0 ] 8519694
		mem[ 1 ] 8585231
		mem[ 2 ] 8650764
		mem[ 3 ] 8781837
		mem[ 4 ] 6029317
		mem[ 5 ] 19791873
		mem[ 6 ] 655361
		mem[ 7 ] 2359300
		mem[ 8 ] 18874370
		mem[ 9 ] 1179650
		mem[ 10 ] 16842745
		mem[ 11 ] 25165824
		mem[ 12 ] 1
		mem[ 13 ] -1
		mem[ 14 ] 32766
		mem[ 15 ] 10383
	registers:
		reg[ 0 ] 0
		reg[ 1 ] 491490
		reg[ 2 ] 4194048
		reg[ 3 ] 10383
		reg[ 4 ] 128
		reg[ 5 ] -1
		reg[ 6 ] -1
		reg[ 7 ] 0
end state

@@@
state:
	pc 5
	memory: 
		mem[ 0 ] 8519694
		mem[ 1 ] 8585231
		mem[ 2 ] 8650764
		mem[ 3 ] 8781837
		mem[ 4 ] 6029317
		mem[ 5 ] 19791873
		mem[ 6 ] 655361
		mem[ 7 ] 2359300
		mem[ 8 ] 18874370
		mem[ 9 ] 1179650
		mem[ 10 ] 16842745
		mem[ 11 ] 25165824
		mem[ 12 ] 1
		mem[ 13 ] -1
		mem[ 14 ] 32766
		mem[ 15 ] 10383
	registers:
		reg[ 0 ] 0
		reg[ 1 ] 491490
		reg[ 2 ] 4194048
		reg[ 3 ] 10383
		reg[ 4 ] 128
		reg[ 5 ] -129
		reg[ 6 ] -1
		reg[ 7 ] 0
end state

@@@
state:
	pc 6
	memory: 
		mem[ 0 ] 8519694
		mem[ 1 ] 8585231
		mem[ 2 ] 8650764
		mem[ 3 ] 8781837
		mem[ 4 ] 6029317
		mem[ 5 ] 19791873
		mem[ 6 ] 655361
		mem[ 7 ] 2359300
		mem[ 8 ] 18874370
		mem[ 9 ] 1179650
		mem[ 10 ] 16842745
		mem[ 11 ] 25165824
		mem[ 12 ] 1
		mem[ 13 ] -1
		mem[ 14 ] 32766
		mem[ 15 ] 10383
	registers:
		reg[ 0 ] 0
		reg[ 1 ] 491490
		reg[ 2 ] 4194048
		reg[ 3 ] 10383
		reg[ 4 ] 128
		reg[ 5 ] -129
		reg[ 6 ] -1
		reg[ 7 ] 0
end state

@@@
state:
	pc 7
	memory: 
		mem[ 0 ] 8519694
		mem[ 1 ] 8585231
		mem[ 2 ] 8650764
		mem[ 3 ] 8781837
		mem[ 4 ] 6029317
		mem[ 5 ] 19791873
		mem[ 6 ] 655361
		mem[ 7 ] 2359300
		mem[ 8 ] 18874370
		mem[ 9 ] 1179650
		mem[ 10 ] 16842745
		mem[ 11 ] 25165824
		mem[ 12 ] 1
		mem[ 13 ] -1
		mem[ 14 ] 32766
		mem[ 15 ] 10383
	registers:
		reg[ 0 ] 0
		reg[ 1 ] 4685538
		reg[ 2 ] 4194048
		reg[ 3 ] 10383
		reg[ 4 ] 128
		reg[ 5 ] -129
		reg[ 6 ] -1
		reg[ 7 ] 0
end state

@@@
state:
	pc 8
	memory: 
		mem[ 0 ] 8519694
		mem[ 1 ] 8585231
		mem[ 2 ] 8650764
		mem[ 3 ] 8781837
		mem[ 4 ] 6029317
		mem[ 5 ] 19791873
		mem[ 6 ] 655361
		mem[ 7 ] 2359300
		mem[ 8 ] 18874370
		mem[ 9 ] 1179650
		mem[ 10 ] 16842745
		mem[ 11 ] 25165824
		mem[ 12 ] 1
		mem[ 13 ] -1
		mem[ 14 ] 32766
		mem[ 15 ] 10383
	registers:
		reg[ 0 ] 0
		reg[ 1 ] 4685538
		reg[ 2 ] 4194048
		reg[ 3 ] 10383
		reg[ 4 ] 256
		reg[ 5 ] -129
		reg[ 6 ] -1
		reg[ 7 ] 0
end state

@@@
state:
	pc 9
	memory: 
		mem[ 0 ] 8519694
		mem[ 1 ] 8585231
		mem[ 2 ] 8650764
		mem[ 3 ] 8781837
		mem[ 4 ] 6029317
		mem[ 5 ] 19791873
		mem[ 6 ] 655361
		mem[ 7 ] 2359300
		mem[ 8 ] 18874370
		mem[ 9 ] 1179650
		mem[ 10 ] 16842745
		mem[ 11 ] 25165824
		mem[ 12 ] 1
		mem[ 13 ] -1
		mem[ 14 ] 32766
		mem[ 15 ] 10383
	registers:
		reg[ 0 ] 0
		reg[ 1 ] 4685538
		reg[ 2 ] 4194048
		reg[ 3 ] 10383
		reg[ 4 ] 256
		reg[ 5 ] -129
		reg[ 6 ] -1
		reg[ 7 ] 0
end state

@@@
state:
	pc 10
	memory: 
		mem[ 0 ] 8519694
		mem[ 1 ] 8585231
		mem[ 2 ] 8650764
		mem[ 3 ] 8781837
		mem[ 4 ] 6029317
		mem[ 5 ] 19791873
		mem[ 6 ] 655361
		mem[ 7 ] 2359300
		mem[ 8 ] 18874370
		mem[ 9 ] 1179650
		mem[ 10 ] 16842745
		mem[ 11 ] 25165824
		mem[ 12 ] 1
		mem[ 13 ] -1
		mem[ 14 ] 32766
		mem[ 15 ] 10383
	registers:
		reg[ 0 ] 0
		reg[ 1 ] 4685538
		reg[ 2 ] 8388096
		reg[ 3 ] 10383
		reg[ 4 ] 256
		reg[ 5 ] -129
		reg[ 6 ] -1
		reg[ 7 ] 0
end state

@@@
state:
	pc 4
	memory: 
		mem[ 0 ] 8519694
		mem[ 1 ] 8585231
		mem[ 2 ] 8650764
		mem[ 3 ] 8781837
		mem[ 4 ] 6029317
		mem[ 5 ] 19791873
		mem[ 6 ] 655361
		mem[ 7 ] 2359300
		mem[ 8 ] 18874370
		mem[ 9 ] 1179650
		mem[ 10 ] 16842745
		mem[ 11 ] 25165824
		mem[ 12 ] 1
		mem[ 13 ] -1
		mem[ 14 ] 32766
		mem[ 15 ] 10383
	registers:
		reg[ 0 ] 0
		reg[ 1 ] 4685538
		reg[ 2 ] 8388096
		reg[ 3 ] 10383
		reg[ 4 ] 256
		reg[ 5 ] -129
		reg[ 6 ] -1
		reg[ 7 ] 0
end state

@@@
state:
	pc 5
	memory: 
		mem[ 0 ] 8519694
		mem[ 1 ] 8585231
		mem[ 2 ] 8650764
		mem[ 3 ] 8781837
		mem[ 4 ] 6029317
		mem[ 5 ] 19791873
		mem[ 6 ] 655361
		mem[ 7 ] 2359300
		mem[ 8 ] 18874370
		mem[ 9 ] 1179650
		mem[ 10 ] 16842745
		mem[ 11 ] 25165824
		mem[ 12 ] 1
		mem[ 13 ] -1
		mem[ 14 ] 32766
		mem[ 15 ] 10383
	registers:
		reg[ 0 ] 0
		reg[ 1 ] 4685538
		reg[ 2 ] 8388096
		reg[ 3 ] 10383
		reg[ 4 ] 256
		reg[ 5 ] -1
		reg[ 6 ] -1
		reg[ 7 ] 0
end state

@@@
state:
	pc 7
	memory: 
		mem[ 0 ] 8519694
		mem[ 1 ] 8585231
		mem[ 2 ] 8650764
		mem[ 3 ] 8781837
		mem[ 4 ] 6029317
		mem[ 5 ] 19791873
		mem[ 6 ] 655361
		mem[ 7 ] 2359300
		mem[ 8 ] 18874370
		mem[ 9 ] 1179650
		mem[ 10 ] 16842745
		mem[ 11 ] 25165824
		mem[ 12 ] 1
		mem[ 13 ] -1
		mem[ 14 ] 32766
		mem[ 15 ] 10383
	registers:
		reg[ 0 ] 0
		reg[ 1 ] 4685538
		reg[ 2 ] 8388096
		reg[ 3 ] 10383
		reg[ 4 ] 256
		reg[ 5 ] -1
		reg[ 6 ] -1
		reg[ 7 ] 0
end state

@@@
state:
	pc 8
	memory: 
		mem[ 0 ] 8519694
		mem[ 1 ] 8585231
		mem[ 2 ] 8650764
		mem[ 3 ] 8781837
		mem[ 4 ] 6029317
		mem[ 5 ] 19791873
		mem[ 6 ] 655361
		mem[ 7 ] 2359300
		mem[ 8 ] 18874370
		mem[ 9 ] 1179650
		mem[ 10 ] 16842745
		mem[ 11 ] 25165824
		mem[ 12 ] 1
		mem[ 13 ] -1
		mem[ 14 ] 32766
		mem[ 15 ] 10383
	registers:
		reg[ 0 ] 0
		reg[ 1 ] 4685538
		reg[ 2 ] 8388096
		reg[ 3 ] 10383
		reg[ 4 ] 512
		reg[ 5 ] -1
		reg[ 6 ] -1
		reg[ 7 ] 0
end state

@@@
state:
	pc 9
	memory: 
		mem[ 0 ] 8519694
		mem[ 1 ] 8585231
		mem[ 2 ] 8650764
		mem[ 3 ] 8781837
		mem[ 4 ] 6029317
		mem[ 5 ] 19791873
		mem[ 6 ] 655361
		mem[ 7 ] 2359300
		mem[ 8 ] 18874370
		mem[ 9 ] 1179650
		mem[ 10 ] 16842745
		mem[ 11 ] 25165824
		mem[ 12 ] 1
		mem[ 13 ] -1
		mem[ 14 ] 32766
		mem[ 15 ] 10383
	registers:
		reg[ 0 ] 0
		reg[ 1 ] 4685538
		reg[ 2 ] 8388096
		reg[ 3 ] 10383
		reg[ 4 ] 512
		reg[ 5 ] -1
		reg[ 6 ] -1
		reg[ 7 ] 0
end state

@@@
state:
	pc 10
	memory: 
		mem[ 0 ] 8519694
		mem[ 1 ] 8585231
		mem[ 2 ] 8650764
		mem[ 3 ] 8781837
		mem[ 4 ] 6029317
		mem[ 5 ] 19791873
		mem[ 6 ] 655361
		mem[ 7 ] 2359300
		mem[ 8 ] 18874370
		mem[ 9 ] 1179650
		mem[ 10 ] 16842745
		mem[ 11 ] 25165824
		mem[ 12 ] 1
		mem[ 13 ] -1
		mem[ 14 ] 32766
		mem[ 15 ] 10383
	registers:
		reg[ 0 ] 0
		reg[ 1 ] 4685538
		reg[ 2 ] 16776192
		reg[ 3 ] 10383
		reg[ 4 ] 512
		reg[ 5 ] -1
		reg[ 6 ] -1
		reg[ 7 ] 0
end state

@@@
state:
	pc 4
	memory: 
		mem[ 0 ] 8519694
		mem[ 1 ] 8585231
		mem[ 2 ] 8650764
		mem[ 3 ] 8781837
		mem[ 4 ] 6029317
		mem[ 5 ] 19791873
		mem[ 6 ] 655361
		mem[ 7 ] 2359300
		mem[ 8 ] 18874370
		mem[ 9 ] 1179650
		mem[ 10 ] 16842745
		mem[ 11 ] 25165824
		mem[ 12 ] 1
		mem[ 13 ] -1
		mem[ 14 ] 32766
		mem[ 15 ] 10383
	registers:
		reg[ 0 ] 0
		reg[ 1 ] 4685538
		reg[ 2 ] 16776192
		reg[ 3 ] 10383
		reg[ 4 ] 512
		reg[ 5 ] -1
		reg[ 6 ] -1
		reg[ 7 ] 0
end state

@@@
state:
	pc 5
	memory: 
		mem[ 0 ] 8519694
		mem[ 1 ] 8585231
		mem[ 2 ] 8650764
		mem[ 3 ] 8781837
		mem[ 4 ] 6029317
		mem[ 5 ] 19791873
		mem[ 6 ] 655361
		mem[ 7 ] 2359300
		mem[ 8 ] 18874370
		mem[ 9 ] 1179650
		mem[ 10 ] 16842745
		mem[ 11 ] 25165824
		mem[ 12 ] 1
		mem[ 13 ] -1
		mem[ 14 ] 32766
		mem[ 15 ] 10383
	registers:
		reg[ 0 ] 0
		reg[ 1 ] 4685538
		reg[ 2 ] 16776192
		reg[ 3 ] 10383
		reg[ 4 ] 512
		reg[ 5 ] -1
		reg[ 6 ] -1
		reg[ 7 ] 0
end state

@@@
state:
	pc 7
	memory: 
		mem[ 0 ] 8519694
		mem[ 1 ] 8585231
		mem[ 2 ] 8650764
		mem[ 3 ] 8781837
		mem[ 4 ] 6029317
		mem[ 5 ] 19791873
		mem[ 6 ] 655361
		mem[ 7 ] 2359300
		mem[ 8 ] 18874370
		mem[ 9 ] 1179650
		mem[ 10 ] 16842745
		mem[ 11 ] 25165824
		mem[ 12 ] 1
		mem[ 13 ] -1
		mem[ 14 ] 32766
		mem[ 15 ] 10383
	registers:
		reg[ 0 ] 0
		reg[ 1 ] 4685538
		reg[ 2 ] 16776192
		reg[ 3 ] 10383
		reg[ 4 ] 512
		reg[ 5 ] -1
		reg[ 6 ] -1
		reg[ 7 ] 0
end state

@@@
state:
	pc 8
	memory: 
		mem[ 0 ] 8519694
		mem[ 1 ] 8585231
		mem[ 2 ] 8650764
		mem[ 3 ] 8781837
		mem[ 4 ] 6029317
		mem[ 5 ] 19791873
		mem[ 6 ] 655361
		mem[ 7 ] 2359300
		mem[ 8 ] 18874370
		mem[ 9 ] 1179650
		mem[ 10 ] 16842745
		mem[ 11 ] 25165824
		mem[ 12 ] 1
		mem[ 13 ] -1
		mem[ 14 ] 32766
		mem[ 15 ] 10383
	registers:
		reg[ 0 ] 0
		reg[ 1 ] 4685538
		reg[ 2 ] 16776192
		reg[ 3 ] 10383
		reg[ 4 ] 1024
		reg[ 5 ] -1
		reg[ 6 ] -1
		reg[ 7 ] 0
end state

@@@
state:
	pc 9
	memory: 
		mem[ 0 ] 8519694
		mem[ 1 ] 8585231
		mem[ 2 ] 8650764
		mem[ 3 ] 8781837
		mem[ 4 ] 6029317
		mem[ 5 ] 19791873
		mem[ 6 ] 655361
		mem[ 7 ] 2359300
		mem[ 8 ] 18874370
		mem[ 9 ] 1179650
		mem[ 10 ] 16842745
		mem[ 11 ] 25165824
		mem[ 12 ] 1
		mem[ 13 ] -1
		mem[ 14 ] 32766
		mem[ 15 ] 10383
	registers:
		reg[ 0 ] 0
		reg[ 1 ] 4685538
		reg[ 2 ] 16776192
		reg[ 3 ] 10383
		reg[ 4 ] 1024
		reg[ 5 ] -1
		reg[ 6 ] -1
		reg[ 7 ] 0
end state

@@@
state:
	pc 10
	memory: 
		mem[ 0 ] 8519694
		mem[ 1 ] 8585231
		mem[ 2 ] 8650764
		mem[ 3 ] 8781837
		mem[ 4 ] 6029317
		mem[ 5 ] 19791873
		mem[ 6 ] 655361
		mem[ 7 ] 2359300
		mem[ 8 ] 18874370
		mem[ 9 ] 1179650
		mem[ 10 ] 16842745
		mem[ 11 ] 25165824
		mem[ 12 ] 1
		mem[ 13 ] -1
		mem[ 14 ] 32766
		mem[ 15 ] 10383
	registers:
		reg[ 0 ] 0
		reg[ 1 ] 4685538
		reg[ 2 ] 33552384
		reg[ 3 ] 10383
		reg[ 4 ] 1024
		reg[ 5 ] -1
		reg[ 6 ] -1
		reg[ 7 ] 0
end state

@@@
state:
	pc 4
	memory: 
		mem[ 0 ] 8519694
		mem[ 1 ] 8585231
		mem[ 2 ] 8650764
		mem[ 3 ] 8781837
		mem[ 4 ] 6029317
		mem[ 5 ] 19791873
		mem[ 6 ] 655361
		mem[ 7 ] 2359300
		mem[ 8 ] 18874370
		mem[ 9 ] 1179650
		mem[ 10 ] 16842745
		mem[ 11 ] 25165824
		mem[ 12 ] 1
		mem[ 13 ] -1
		mem[ 14 ] 32766
		mem[ 15 ] 10383
	registers:
		reg[ 0 ] 0
		reg[ 1 ] 4685538
		reg[ 2 ] 33552384
		reg[ 3 ] 10383
		reg[ 4 ] 1024
		reg[ 5 ] -1
		reg[ 6 ] -1
		reg[ 7 ] 0
end state

@@@
state:
	pc 5
	memory: 
		mem[ 0 ] 8519694
		mem[ 1 ] 8585231
		mem[ 2 ] 8650764
		mem[ 3 ] 8781837
		mem[ 4 ] 6029317
		mem[ 5 ] 19791873
		mem[ 6 ] 655361
		mem[ 7 ] 2359300
		mem[ 8 ] 18874370
		mem[ 9 ] 1179650
		mem[ 10 ] 16842745
		mem[ 11 ] 25165824
		mem[ 12 ] 1
		mem[ 13 ] -1
		mem[ 14 ] 32766
		mem[ 15 ] 10383
	registers:
		reg[ 0 ] 0
		reg[ 1 ] 4685538
		reg[ 2 ] 33552384
		reg[ 3 ] 10383
		reg[ 4 ] 1024
		reg[ 5 ] -1
		reg[ 6 ] -1
		reg[ 7 ] 0
end state

@@@
state:
	pc 7
	memory: 
		mem[ 0 ] 8519694
		mem[ 1 ] 8585231
		mem[ 2 ] 8650764
		mem[ 3 ] 8781837
		mem[ 4 ] 6029317
		mem[ 5 ] 19791873
		mem[ 6 ] 655361
		mem[ 7 ] 2359300
		mem[ 8 ] 18874370
		mem[ 9 ] 1179650
		mem[ 10 ] 16842745
		mem[ 11 ] 25165824
		mem[ 12 ] 1
		mem[ 13 ] -1
		mem[ 14 ] 32766
		mem[ 15 ] 10383
	registers:
		reg[ 0 ] 0
		reg[ 1 ] 4685538
		reg[ 2 ] 33552384
		reg[ 3 ] 10383
		reg[ 4 ] 1024
		reg[ 5 ] -1
		reg[ 6 ] -1
		reg[ 7 ] 0
end state

@@@
state:
	pc 8
	memory: 
		mem[ 0 ] 8519694
		mem[ 1 ] 8585231
		mem[ 2 ] 8650764
		mem[ 3 ] 8781837
		mem[ 4 ] 6029317
		mem[ 5 ] 19791873
		mem[ 6 ] 655361
		mem[ 7 ] 2359300
		mem[ 8 ] 18874370
		mem[ 9 ] 1179650
		mem[ 10 ] 16842745
		mem[ 11 ] 25165824
		mem[ 12 ] 1
		mem[ 13 ] -1
		mem[ 14 ] 32766
		mem[ 15 ] 10383
	registers:
		reg[ 0 ] 0
		reg[ 1 ] 4685538
		reg[ 2 ] 33552384
		reg[ 3 ] 10383
		reg[ 4 ] 2048
		reg[ 5 ] -1
		reg[ 6 ] -1
		reg[ 7 ] 0
end state

@@@
state:
	pc 9
	memory: 
		mem[ 0 ] 8519694
		mem[ 1 ] 8585231
		mem[ 2 ] 8650764
		mem[ 3 ] 8781837
		mem[ 4 ] 6029317
		mem[ 5 ] 19791873
		mem[ 6 ] 655361
		mem[ 7 ] 2359300
		mem[ 8 ] 18874370
		mem[ 9 ] 1179650
		mem[ 10 ] 16842745
		mem[ 11 ] 25165824
		mem[ 12 ] 1
		mem[ 13 ] -1
		mem[ 14 ] 32766
		mem[ 15 ] 10383
	registers:
		reg[ 0 ] 0
		reg[ 1 ] 4685538
		reg[ 2 ] 33552384
		reg[ 3 ] 10383
		reg[ 4 ] 2048
		reg[ 5 ] -1
		reg[ 6 ] -1
		reg[ 7 ] 0
end state

@@@
state:
	pc 10
	memory: 
		mem[ 0 ] 8519694
		mem[ 1 ] 8585231
		mem[ 2 ] 8650764
		mem[ 3 ] 8781837
		mem[ 4 ] 6029317
		mem[ 5 ] 19791873
		mem[ 6 ] 655361
		mem[ 7 ] 2359300
		mem[ 8 ] 18874370
		mem[ 9 ] 1179650
		mem[ 10 ] 16842745
		mem[ 11 ] 25165824
		mem[ 12 ] 1
		mem[ 13 ] -1
		mem[ 14 ] 32766
		mem[ 15 ] 10383
	registers:
		reg[ 0 ] 0
		reg[ 1 ] 4685538
		reg[ 2 ] 67104768
		reg[ 3 ] 10383
		reg[ 4 ] 2048
		reg[ 5 ] -1
		reg[ 6 ] -1
		reg[ 7 ] 0
end state

@@@
state:
	pc 4
	memory: 
		mem[ 0 ] 8519694
		mem[ 1 ] 8585231
		mem[ 2 ] 8650764
		mem[ 3 ] 8781837
		mem[ 4 ] 6029317
		mem[ 5 ] 19791873
		mem[ 6 ] 655361
		mem[ 7 ] 2359300
		mem[ 8 ] 18874370
		mem[ 9 ] 1179650
		mem[ 10 ] 16842745
		mem[ 11 ] 25165824
		mem[ 12 ] 1
		mem[ 13 ] -1
		mem[ 14 ] 32766
		mem[ 15 ] 10383
	registers:
		reg[ 0 ] 0
		reg[ 1 ] 4685538
		reg[ 2 ] 67104768
		reg[ 3 ] 10383
		reg[ 4 ] 2048
		reg[ 5 ] -1
		reg[ 6 ] -1
		reg[ 7 ] 0
end state

@@@
state:
	pc 5
	memory: 
		mem[ 0 ] 8519694
		mem[ 1 ] 8585231
		mem[ 2 ] 8650764
		mem[ 3 ] 8781837
		mem[ 4 ] 6029317
		mem[ 5 ] 19791873
		mem[ 6 ] 655361
		mem[ 7 ] 2359300
		mem[ 8 ] 18874370
		mem[ 9 ] 1179650
		mem[ 10 ] 16842745
		mem[ 11 ] 25165824
		mem[ 12 ] 1
		mem[ 13 ] -1
		mem[ 14 ] 32766
		mem[ 15 ] 10383
	registers:
		reg[ 0 ] 0
		reg[ 1 ] 4685538
		reg[ 2 ] 67104768
		reg[ 3 ] 10383
		reg[ 4 ] 2048
		reg[ 5 ] -2049
		reg[ 6 ] -1
		reg[ 7 ] 0
end state

@@@
state:
	pc 6
	memory: 
		mem[ 0 ] 8519694
		mem[ 1 ] 8585231
		mem[ 2 ] 8650764
		mem[ 3 ] 8781837
		mem[ 4 ] 6029317
		mem[ 5 ] 19791873
		mem[ 6 ] 655361
		mem[ 7 ] 2359300
		mem[ 8 ] 18874370
		mem[ 9 ] 1179650
		mem[ 10 ] 16842745
		mem[ 11 ] 25165824
		mem[ 12 ] 1
		mem[ 13 ] -1
		mem[ 14 ] 32766
		mem[ 15 ] 10383
	registers:
		reg[ 0 ] 0
		reg[ 1 ] 4685538
		reg[ 2 ] 67104768
		reg[ 3 ] 10383
		reg[ 4 ] 2048
		reg[ 5 ] -2049
		reg[ 6 ] -1
		reg[ 7 ] 0
end state

@@@
state:
	pc 7
	memory: 
		mem[ 0 ] 8519694
		mem[ 1 ] 8585231
		mem[ 2 ] 8650764
		mem[ 3 ] 8781837
		mem[ 4 ] 6029317
		mem[ 5 ] 19791873
		mem[ 6 ] 655361
		mem[ 7 ] 2359300
		mem[ 8 ] 18874370
		mem[ 9 ] 1179650
		mem[ 10 ] 16842745
		mem[ 11 ] 25165824
		mem[ 12 ] 1
		mem[ 13 ] -1
		mem[ 14 ] 32766
		mem[ 15 ] 10383
	registers:
		reg[ 0 ] 0
		reg[ 1 ] 71790306
		reg[ 2 ] 67104768
		reg[ 3 ] 10383
		reg[ 4 ] 2048
		reg[ 5 ] -2049
		reg[ 6 ] -1
		reg[ 7 ] 0
end state

@@@
state:
	pc 8
	memory: 
		mem[ 0 ] 8519694
		mem[ 1 ] 8585231
		mem[ 2 ] 8650764
		mem[ 3 ] 8781837
		mem[ 4 ] 6029317
		mem[ 5 ] 19791873
		mem[ 6 ] 655361
		mem[ 7 ] 2359300
		mem[ 8 ] 18874370
		mem[ 9 ] 1179650
		mem[ 10 ] 16842745
		mem[ 11 ] 25165824
		mem[ 12 ] 1
		mem[ 13 ] -1
		mem[ 14 ] 32766
		mem[ 15 ] 10383
	registers:
		reg[ 0 ] 0
		reg[ 1 ] 71790306
		reg[ 2 ] 67104768
		reg[ 3 ] 10383
		reg[ 4 ] 4096
		reg[ 5 ] -2049
		reg[ 6 ] -1
		reg[ 7 ] 0
end state

@@@
state:
	pc 9
	memory: 
		mem[ 0 ] 8519694
		mem[ 1 ] 8585231
		mem[ 2 ] 8650764
		mem[ 3 ] 8781837
		mem[ 4 ] 6029317
		mem[ 5 ] 19791873
		mem[ 6 ] 655361
		mem[ 7 ] 2359300
		mem[ 8 ] 18874370
		mem[ 9 ] 1179650
		mem[ 10 ] 16842745
		mem[ 11 ] 25165824
		mem[ 12 ] 1
		mem[ 13 ] -1
		mem[ 14 ] 32766
		mem[ 15 ] 10383
	registers:
		reg[ 0 ] 0
		reg[ 1 ] 71790306
		reg[ 2 ] 67104768
		reg[ 3 ] 10383
		reg[ 4 ] 4096
		reg[ 5 ] -2049
		reg[ 6 ] -1
		reg[ 7 ] 0
end state

@@@
state:
	pc 10
	memory: 
		mem[ 0 ] 8519694
		mem[ 1 ] 8585231
		mem[ 2 ] 8650764
		mem[ 3 ] 8781837
		mem[ 4 ] 6029317
		mem[ 5 ] 19791873
		mem[ 6 ] 655361
		mem[ 7 ] 2359300
		mem[ 8 ] 18874370
		mem[ 9 ] 1179650
		mem[ 10 ] 16842745
		mem[ 11 ] 25165824
		mem[ 12 ] 1
		mem[ 13 ] -1
		mem[ 14 ] 32766
		mem[ 15 ] 10383
	registers:
		reg[ 0 ] 0
		reg[ 1 ] 71790306
		reg[ 2 ] 134209536
		reg[ 3 ] 10383
		reg[ 4 ] 4096
		reg[ 5 ] -2049
		reg[ 6 ] -1
		reg[ 7 ] 0
end state

@@@
state:
	pc 4
	memory: 
		mem[ 0 ] 8519694
		mem[ 1 ] 8585231
		mem[ 2 ] 8650764
		mem[ 3 ] 8781837
		mem[ 4 ] 6029317
		mem[ 5 ] 19791873
		mem[ 6 ] 655361
		mem[ 7 ] 2359300
		mem[ 8 ] 18874370
		mem[ 9 ] 1179650
		mem[ 10 ] 16842745
		mem[ 11 ] 25165824
		mem[ 12 ] 1
		mem[ 13 ] -1
		mem[ 14 ] 32766
		mem[ 15 ] 10383
	registers:
		reg[ 0 ] 0
		reg[ 1 ] 71790306
		reg[ 2 ] 134209536
		reg[ 3 ] 10383
		reg[ 4 ] 4096
		reg[ 5 ] -2049
		reg[ 6 ] -1
		reg[ 7 ] 0
end state

@@@
state:
	pc 5
	memory: 
		mem[ 0 ] 8519694
		mem[ 1 ] 8585231
		mem[ 2 ] 8650764
		mem[ 3 ] 8781837
		mem[ 4 ] 6029317
		mem[ 5 ] 19791873
		mem[ 6 ] 655361
		mem[ 7 ] 2359300
		mem[ 8 ] 18874370
		mem[ 9 ] 1179650
		mem[ 10 ] 16842745
		mem[ 11 ] 25165824
		mem[ 12 ] 1
		mem[ 13 ] -1
		mem[ 14 ] 32766
		mem[ 15 ] 10383
	registers:
		reg[ 0 ] 0
		reg[ 1 ] 71790306
		reg[ 2 ] 134209536
		reg[ 3 ] 10383
		reg[ 4 ] 4096
		reg[ 5 ] -1
		reg[ 6 ] -1
		reg[ 7 ] 0
end state

@@@
state:
	pc 7
	memory: 
		mem[ 0 ] 8519694
		mem[ 1 ] 8585231
		mem[ 2 ] 8650764
		mem[ 3 ] 8781837
		mem[ 4 ] 6029317
		mem[ 5 ] 19791873
		mem[ 6 ] 655361
		mem[ 7 ] 2359300
		mem[ 8 ] 18874370
		mem[ 9 ] 1179650
		mem[ 10 ] 16842745
		mem[ 11 ] 25165824
		mem[ 12 ] 1
		mem[ 13 ] -1
		mem[ 14 ] 32766
		mem[ 15 ] 10383
	registers:
		reg[ 0 ] 0
		reg[ 1 ] 71790306
		reg[ 2 ] 134209536
		reg[ 3 ] 10383
		reg[ 4 ] 4096
		reg[ 5 ] -1
		reg[ 6 ] -1
		reg[ 7 ] 0
end state

@@@
state:
	pc 8
	memory: 
		mem[ 0 ] 8519694
		mem[ 1 ] 8585231
		mem[ 2 ] 8650764
		mem[ 3 ] 8781837
		mem[ 4 ] 6029317
		mem[ 5 ] 19791873
		mem[ 6 ] 655361
		mem[ 7 ] 2359300
		mem[ 8 ] 18874370
		mem[ 9 ] 1179650
		mem[ 10 ] 16842745
		mem[ 11 ] 25165824
		mem[ 12 ] 1
		mem[ 13 ] -1
		mem[ 14 ] 32766
		mem[ 15 ] 10383
	registers:
		reg[ 0 ] 0
		reg[ 1 ] 71790306
		reg[ 2 ] 134209536
		reg[ 3 ] 10383
		reg[ 4 ] 8192
		reg[ 5 ] -1
		reg[ 6 ] -1
		reg[ 7 ] 0
end state

@@@
state:
	pc 9
	memory: 
		mem[ 0 ] 8519694
		mem[ 1 ] 8585231
		mem[ 2 ] 8650764
		mem[ 3 ] 8781837
		mem[ 4 ] 6029317
		mem[ 5 ] 19791873
		mem[ 6 ] 655361
		mem[ 7 ] 2359300
		mem[ 8 ] 18874370
		mem[ 9 ] 1179650
		mem[ 10 ] 16842745
		mem[ 11 ] 25165824
		mem[ 12 ] 1
		mem[ 13 ] -1
		mem[ 14 ] 32766
		mem[ 15 ] 10383
	registers:
		reg[ 0 ] 0
		reg[ 1 ] 71790306
		reg[ 2 ] 134209536
		reg[ 3 ] 10383
		reg[ 4 ] 8192
		reg[ 5 ] -1
		reg[ 6 ] -1
		reg[ 7 ] 0
end state

@@@
state:
	pc 10
	memory: 
		mem[ 0 ] 8519694
		mem[ 1 ] 8585231
		mem[ 2 ] 8650764
		mem[ 3 ] 8781837
		mem[ 4 ] 6029317
		mem[ 5 ] 19791873
		mem[ 6 ] 655361
		mem[ 7 ] 2359300
		mem[ 8 ] 18874370
		mem[ 9 ] 1179650
		mem[ 10 ] 16842745
		mem[ 11 ] 25165824
		mem[ 12 ] 1
		mem[ 13 ] -1
		mem[ 14 ] 32766
		mem[ 15 ] 10383
	registers:
		reg[ 0 ] 0
		reg[ 1 ] 71790306
		reg[ 2 ] 268419072
		reg[ 3 ] 10383
		reg[ 4 ] 8192
		reg[ 5 ] -1
		reg[ 6 ] -1
		reg[ 7 ] 0
end state

@@@
state:
	pc 4
	memory: 
		mem[ 0 ] 8519694
		mem[ 1 ] 8585231
		mem[ 2 ] 8650764
		mem[ 3 ] 8781837
		mem[ 4 ] 6029317
		mem[ 5 ] 19791873
		mem[ 6 ] 655361
		mem[ 7 ] 2359300
		mem[ 8 ] 18874370
		mem[ 9 ] 1179650
		mem[ 10 ] 16842745
		mem[ 11 ] 25165824
		mem[ 12 ] 1
		mem[ 13 ] -1
		mem[ 14 ] 32766
		mem[ 15 ] 10383
	registers:
		reg[ 0 ] 0
		reg[ 1 ] 71790306
		reg[ 2 ] 268419072
		reg[ 3 ] 10383
		reg[ 4 ] 8192
		reg[ 5 ] -1
		reg[ 6 ] -1
		reg[ 7 ] 0
end state

@@@
state:
	pc 5
	memory: 
		mem[ 0 ] 8519694
		mem[ 1 ] 8585231
		mem[ 2 ] 8650764
		mem[ 3 ] 8781837
		mem[ 4 ] 6029317
		mem[ 5 ] 19791873
		mem[ 6 ] 655361
		mem[ 7 ] 2359300
		mem[ 8 ] 18874370
		mem[ 9 ] 1179650
		mem[ 10 ] 16842745
		mem[ 11 ] 25165824
		mem[ 12 ] 1
		mem[ 13 ] -1
		mem[ 14 ] 32766
		mem[ 15 ] 10383
	registers:
		reg[ 0 ] 0
		reg[ 1 ] 71790306
		reg[ 2 ] 268419072
		reg[ 3 ] 10383
		reg[ 4 ] 8192
		reg[ 5 ] -8193
		reg[ 6 ] -1
		reg[ 7 ] 0
end state

@@@
state:
	pc 6
	memory: 
		mem[ 0 ] 8519694
		mem[ 1 ] 8585231
		mem[ 2 ] 8650764
		mem[ 3 ] 8781837
		mem[ 4 ] 6029317
		mem[ 5 ] 19791873
		mem[ 6 ] 655361
		mem[ 7 ] 2359300
		mem[ 8 ] 18874370
		mem[ 9 ] 1179650
		mem[ 10 ] 16842745
		mem[ 11 ] 25165824
		mem[ 12 ] 1
		mem[ 13 ] -1
		mem[ 14 ] 32766
		mem[ 15 ] 10383
	registers:
		reg[ 0 ] 0
		reg[ 1 ] 71790306
		reg[ 2 ] 268419072
		reg[ 3 ] 10383
		reg[ 4 ] 8192
		reg[ 5 ] -8193
		reg[ 6 ] -1
		reg[ 7 ] 0
end state

@@@
state:
	pc 7
	memory: 
		mem[ 0 ] 8519694
		mem[ 1 ] 8585231
		mem[ 2 ] 8650764
		mem[ 3 ] 8781837
		mem[ 4 ] 6029317
		mem[ 5 ] 19791873
		mem[ 6 ] 655361
		mem[ 7 ] 2359300
		mem[ 8 ] 18874370
		mem[ 9 ] 1179650
		mem[ 10 ] 16842745
		mem[ 11 ] 25165824
		mem[ 12 ] 1
		mem[ 13 ] -1
		mem[ 14 ] 32766
		mem[ 15 ] 10383
	registers:
		reg[ 0 ] 0
		reg[ 1 ] 340209378
		reg[ 2 ] 268419072
		reg[ 3 ] 10383
		reg[ 4 ] 8192
		reg[ 5 ] -8193
		reg[ 6 ] -1
		reg[ 7 ] 0
end state

@@@
state:
	pc 8
	memory: 
		mem[ 0 ] 8519694
		mem[ 1 ] 8585231
		mem[ 2 ] 8650764
		mem[ 3 ] 8781837
		mem[ 4 ] 6029317
		mem[ 5 ] 19791873
		mem[ 6 ] 655361
		mem[ 7 ] 2359300
		mem[ 8 ] 18874370
		mem[ 9 ] 1179650
		mem[ 10 ] 16842745
		mem[ 11 ] 25165824
		mem[ 12 ] 1
		mem[ 13 ] -1
		mem[ 14 ] 32766
		mem[ 15 ] 10383
	registers:
		reg[ 0 ] 0
		reg[ 1 ] 340209378
		reg[ 2 ] 268419072
		reg[ 3 ] 10383
		reg[ 4 ] 16384
		reg[ 5 ] -8193
		reg[ 6 ] -1
		reg[ 7 ] 0
end state

@@@
state:
	pc 9
	memory: 
		mem[ 0 ] 8519694
		mem[ 1 ] 8585231
		mem[ 2 ] 8650764
		mem[ 3 ] 8781837
		mem[ 4 ] 6029317
		mem[ 5 ] 19791873
		mem[ 6 ] 655361
		mem[ 7 ] 2359300
		mem[ 8 ] 18874370
		mem[ 9 ] 1179650
		mem[ 10 ] 16842745
		mem[ 11 ] 25165824
		mem[ 12 ] 1
		mem[ 13 ] -1
		mem[ 14 ] 32766
		mem[ 15 ] 10383
	registers:
		reg[ 0 ] 0
		reg[ 1 ] 340209378
		reg[ 2 ] 268419072
		reg[ 3 ] 10383
		reg[ 4 ] 16384
		reg[ 5 ] -8193
		reg[ 6 ] -1
		reg[ 7 ] 0
end state

@@@
state:
	pc 10
	memory: 
		mem[ 0 ] 8519694
		mem[ 1 ] 8585231
		mem[ 2 ] 8650764
		mem[ 3 ] 8781837
		mem[ 4 ] 6029317
		mem[ 5 ] 19791873
		mem[ 6 ] 655361
		mem[ 7 ] 2359300
		mem[ 8 ] 18874370
		mem[ 9 ] 1179650
		mem[ 10 ] 16842745
		mem[ 11 ] 25165824
		mem[ 12 ] 1
		mem[ 13 ] -1
		mem[ 14 ] 32766
		mem[ 15 ] 10383
	registers:
		reg[ 0 ] 0
		reg[ 1 ] 340209378
		reg[ 2 ] 536838144
		reg[ 3 ] 10383
		reg[ 4 ] 16384
		reg[ 5 ] -8193
		reg[ 6 ] -1
		reg[ 7 ] 0
end state

@@@
state:
	pc 4
	memory: 
		mem[ 0 ] 8519694
		mem[ 1 ] 8585231
		mem[ 2 ] 8650764
		mem[ 3 ] 8781837
		mem[ 4 ] 6029317
		mem[ 5 ] 19791873
		mem[ 6 ] 655361
		mem[ 7 ] 2359300
		mem[ 8 ] 18874370
		mem[ 9 ] 1179650
		mem[ 10 ] 16842745
		mem[ 11 ] 25165824
		mem[ 12 ] 1
		mem[ 13 ] -1
		mem[ 14 ] 32766
		mem[ 15 ] 10383
	registers:
		reg[ 0 ] 0
		reg[ 1 ] 340209378
		reg[ 2 ] 536838144
		reg[ 3 ] 10383
		reg[ 4 ] 16384
		reg[ 5 ] -8193
		reg[ 6 ] -1
		reg[ 7 ] 0
end state

@@@
state:
	pc 5
	memory: 
		mem[ 0 ] 8519694
		mem[ 1 ] 8585231
		mem[ 2 ] 8650764
		mem[ 3 ] 8781837
		mem[ 4 ] 6029317
		mem[ 5 ] 19791873
		mem[ 6 ] 655361
		mem[ 7 ] 2359300
		mem[ 8 ] 18874370
		mem[ 9 ] 1179650
		mem[ 10 ] 16842745
		mem[ 11 ] 25165824
		mem[ 12 ] 1
		mem[ 13 ] -1
		mem[ 14 ] 32766
		mem[ 15 ] 10383
	registers:
		reg[ 0 ] 0
		reg[ 1 ] 340209378
		reg[ 2 ] 536838144
		reg[ 3 ] 10383
		reg[ 4 ] 16384
		reg[ 5 ] -1
		reg[ 6 ] -1
		reg[ 7 ] 0
end state

@@@
state:
	pc 7
	memory: 
		mem[ 0 ] 8519694
		mem[ 1 ] 8585231
		mem[ 2 ] 8650764
		mem[ 3 ] 8781837
		mem[ 4 ] 6029317
		mem[ 5 ] 19791873
		mem[ 6 ] 655361
		mem[ 7 ] 2359300
		mem[ 8 ] 18874370
		mem[ 9 ] 1179650
		mem[ 10 ] 16842745
		mem[ 11 ] 25165824
		mem[ 12 ] 1
		mem[ 13 ] -1
		mem[ 14 ] 32766
		mem[ 15 ] 10383
	registers:
		reg[ 0 ] 0
		reg[ 1 ] 340209378
		reg[ 2 ] 536838144
		reg[ 3 ] 10383
		reg[ 4 ] 16384
		reg[ 5 ] -1
		reg[ 6 ] -1
		reg[ 7 ] 0
end state

@@@
state:
	pc 8
	memory: 
		mem[ 0 ] 8519694
		mem[ 1 ] 8585231
		mem[ 2 ] 8650764
		mem[ 3 ] 8781837
		mem[ 4 ] 6029317
		mem[ 5 ] 19791873
		mem[ 6 ] 655361
		mem[ 7 ] 2359300
		mem[ 8 ] 18874370
		mem[ 9 ] 1179650
		mem[ 10 ] 16842745
		mem[ 11 ] 25165824
		mem[ 12 ] 1
		mem[ 13 ] -1
		mem[ 14 ] 32766
		mem[ 15 ] 10383
	registers:
		reg[ 0 ] 0
		reg[ 1 ] 340209378
		reg[ 2 ] 536838144
		reg[ 3 ] 10383
		reg[ 4 ] 32768
		reg[ 5 ] -1
		reg[ 6 ] -1
		reg[ 7 ] 0
end state

@@@
state:
	pc 9
	memory: 
		mem[ 0 ] 8519694
		mem[ 1 ] 8585231
		mem[ 2 ] 8650764
		mem[ 3 ] 8781837
		mem[ 4 ] 6029317
		mem[ 5 ] 19791873
		mem[ 6 ] 655361
		mem[ 7 ] 2359300
		mem[ 8 ] 18874370
		mem[ 9 ] 1179650
		mem[ 10 ] 16842745
		mem[ 11 ] 25165824
		mem[ 12 ] 1
		mem[ 13 ] -1
		mem[ 14 ] 32766
		mem[ 15 ] 10383
	registers:
		reg[ 0 ] 0
		reg[ 1 ] 340209378
		reg[ 2 ] 536838144
		reg[ 3 ] 10383
		reg[ 4 ] 32768
		reg[ 5 ] -1
		reg[ 6 ] -1
		reg[ 7 ] 0
end state

@@@
state:
	pc 10
	memory: 
		mem[ 0 ] 8519694
		mem[ 1 ] 8585231
		mem[ 2 ] 8650764
		mem[ 3 ] 8781837
		mem[ 4 ] 6029317
		mem[ 5 ] 19791873
		mem[ 6 ] 655361
		mem[ 7 ] 2359300
		mem[ 8 ] 18874370
		mem[ 9 ] 1179650
		mem[ 10 ] 16842745
		mem[ 11 ] 25165824
		mem[ 12 ] 1
		mem[ 13 ] -1
		mem[ 14 ] 32766
		mem[ 15 ] 10383
	registers:
		reg[ 0 ] 0
		reg[ 1 ] 340209378
		reg[ 2 ] 1073676288
		reg[ 3 ] 10383
		reg[ 4 ] 32768
		reg[ 5 ] -1
		reg[ 6 ] -1
		reg[ 7 ] 0
end state

@@@
state:
	pc 4
	memory: 
		mem[ 0 ] 8519694
		mem[ 1 ] 8585231
		mem[ 2 ] 8650764
		mem[ 3 ] 8781837
		mem[ 4 ] 6029317
		mem[ 5 ] 19791873
		mem[ 6 ] 655361
		mem[ 7 ] 2359300
		mem[ 8 ] 18874370
		mem[ 9 ] 1179650
		mem[ 10 ] 16842745
		mem[ 11 ] 25165824
		mem[ 12 ] 1
		mem[ 13 ] -1
		mem[ 14 ] 32766
		mem[ 15 ] 10383
	registers:
		reg[ 0 ] 0
		reg[ 1 ] 340209378
		reg[ 2 ] 1073676288
		reg[ 3 ] 10383
		reg[ 4 ] 32768
		reg[ 5 ] -1
		reg[ 6 ] -1
		reg[ 7 ] 0
end state

@@@
state:
	pc 5
	memory: 
		mem[ 0 ] 8519694
		mem[ 1 ] 8585231
		mem[ 2 ] 8650764
		mem[ 3 ] 8781837
		mem[ 4 ] 6029317
		mem[ 5 ] 19791873
		mem[ 6 ] 655361
		mem[ 7 ] 2359300
		mem[ 8 ] 18874370
		mem[ 9 ] 1179650
		mem[ 10 ] 16842745
		mem[ 11 ] 25165824
		mem[ 12 ] 1
		mem[ 13 ] -1
		mem[ 14 ] 32766
		mem[ 15 ] 10383
	registers:
		reg[ 0 ] 0
		reg[ 1 ] 340209378
		reg[ 2 ] 1073676288
		reg[ 3 ] 10383
		reg[ 4 ] 32768
		reg[ 5 ] -1
		reg[ 6 ] -1
		reg[ 7 ] 0
end state

@@@
state:
	pc 7
	memory: 
		mem[ 0 ] 8519694
		mem[ 1 ] 8585231
		mem[ 2 ] 8650764
		mem[ 3 ] 8781837
		mem[ 4 ] 6029317
		mem[ 5 ] 19791873
		mem[ 6 ] 655361
		mem[ 7 ] 2359300
		mem[ 8 ] 18874370
		mem[ 9 ] 1179650
		mem[ 10 ] 16842745
		mem[ 11 ] 25165824
		mem[ 12 ] 1
		mem[ 13 ] -1
		mem[ 14 ] 32766
		mem[ 15 ] 10383
	registers:
		reg[ 0 ] 0
		reg[ 1 ] 340209378
		reg[ 2 ] 1073676288
		reg[ 3 ] 10383
		reg[ 4 ] 32768
		reg[ 5 ] -1
		reg[ 6 ] -1
		reg[ 7 ] 0
end state

@@@
state:
	pc 8
	memory: 
		mem[ 0 ] 8519694
		mem[ 1 ] 8585231
		mem[ 2 ] 8650764
		mem[ 3 ] 8781837
		mem[ 4 ] 6029317
		mem[ 5 ] 19791873
		mem[ 6 ] 655361
		mem[ 7 ] 2359300
		mem[ 8 ] 18874370
		mem[ 9 ] 1179650
		mem[ 10 ] 16842745
		mem[ 11 ] 25165824
		mem[ 12 ] 1
		mem[ 13 ] -1
		mem[ 14 ] 32766
		mem[ 15 ] 10383
	registers:
		reg[ 0 ] 0
		reg[ 1 ] 340209378
		reg[ 2 ] 1073676288
		reg[ 3 ] 10383
		reg[ 4 ] 65536
		reg[ 5 ] -1
		reg[ 6 ] -1
		reg[ 7 ] 0
end state

@@@
state:
	pc 9
	memory: 
		mem[ 0 ] 8519694
		mem[ 1 ] 8585231
		mem[ 2 ] 8650764
		mem[ 3 ] 8781837
		mem[ 4 ] 6029317
		mem[ 5 ] 19791873
		mem[ 6 ] 655361
		mem[ 7 ] 2359300
		mem[ 8 ] 18874370
		mem[ 9 ] 1179650
		mem[ 10 ] 16842745
		mem[ 11 ] 25165824
		mem[ 12 ] 1
		mem[ 13 ] -1
		mem[ 14 ] 32766
		mem[ 15 ] 10383
	registers:
		reg[ 0 ] 0
		reg[ 1 ] 340209378
		reg[ 2 ] 1073676288
		reg[ 3 ] 10383
		reg[ 4 ] 65536
		reg[ 5 ] -1
		reg[ 6 ] -1
		reg[ 7 ] 0
end state

@@@
state:
	pc 10
	memory: 
		mem[ 0 ] 8519694
		mem[ 1 ] 8585231
		mem[ 2 ] 8650764
		mem[ 3 ] 8781837
		mem[ 4 ] 6029317
		mem[ 5 ] 19791873
		mem[ 6 ] 655361
		mem[ 7 ] 2359300
		mem[ 8 ] 18874370
		mem[ 9 ] 1179650
		mem[ 10 ] 16842745
		mem[ 11 ] 25165824
		mem[ 12 ] 1
		mem[ 13 ] -1
		mem[ 14 ] 32766
		mem[ 15 ] 10383
	registers:
		reg[ 0 ] 0
		reg[ 1 ] 340209378
		reg[ 2 ] 2147352576
		reg[ 3 ] 10383
		reg[ 4 ] 65536
		reg[ 5 ] -1
		reg[ 6 ] -1
		reg[ 7 ] 0
end state

@@@
state:
	pc 4
	memory: 
		mem[ 0 ] 8519694
		mem[ 1 ] 8585231
		mem[ 2 ] 8650764
		mem[ 3 ] 8781837
		mem[ 4 ] 6029317
		mem[ 5 ] 19791873
		mem[ 6 ] 655361
		mem[ 7 ] 2359300
		mem[ 8 ] 18874370
		mem[ 9 ] 1179650
		mem[ 10 ] 16842745
		mem[ 11 ] 25165824
		mem[ 12 ] 1
		mem[ 13 ] -1
		mem[ 14 ] 32766
		mem[ 15 ] 10383
	registers:
		reg[ 0 ] 0
		reg[ 1 ] 340209378
		reg[ 2 ] 2147352576
		reg[ 3 ] 10383
		reg[ 4 ] 65536
		reg[ 5 ] -1
		reg[ 6 ] -1
		reg[ 7 ] 0
end state

@@@
state:
	pc 5
	memory: 
		mem[ 0 ] 8519694
		mem[ 1 ] 8585231
		mem[ 2 ] 8650764
		mem[ 3 ] 8781837
		mem[ 4 ] 6029317
		mem[ 5 ] 19791873
		mem[ 6 ] 655361
		mem[ 7 ] 2359300
		mem[ 8 ] 18874370
		mem[ 9 ] 1179650
		mem[ 10 ] 16842745
		mem[ 11 ] 25165824
		mem[ 12 ] 1
		mem[ 13 ] -1
		mem[ 14 ] 32766
		mem[ 15 ] 10383
	registers:
		reg[ 0 ] 0
		reg[ 1 ] 340209378
		reg[ 2 ] 2147352576
		reg[ 3 ] 10383
		reg[ 4 ] 65536
		reg[ 5 ] -1
		reg[ 6 ] -1
		reg[ 7 ] 0
end state

@@@
state:
	pc 7
	memory: 
		mem[ 0 ] 8519694
		mem[ 1 ] 8585231
		mem[ 2 ] 8650764
		mem[ 3 ] 8781837
		mem[ 4 ] 6029317
		mem[ 5 ] 19791873
		mem[ 6 ] 655361
		mem[ 7 ] 2359300
		mem[ 8 ] 18874370
		mem[ 9 ] 1179650
		mem[ 10 ] 16842745
		mem[ 11 ] 25165824
		mem[ 12 ] 1
		mem[ 13 ] -1
		mem[ 14 ] 32766
		mem[ 15 ] 10383
	registers:
		reg[ 0 ] 0
		reg[ 1 ] 340209378
		reg[ 2 ] 2147352576
		reg[ 3 ] 10383
		reg[ 4 ] 65536
		reg[ 5 ] -1
		reg[ 6 ] -1
		reg[ 7 ] 0
end state

@@@
state:
	pc 8
	memory: 
		mem[ 0 ] 8519694
		mem[ 1 ] 8585231
		mem[ 2 ] 8650764
		mem[ 3 ] 8781837
		mem[ 4 ] 6029317
		mem[ 5 ] 19791873
		mem[ 6 ] 655361
		mem[ 7 ] 2359300
		mem[ 8 ] 18874370
		mem[ 9 ] 1179650
		mem[ 10 ] 16842745
		mem[ 11 ] 25165824
		mem[ 12 ] 1
		mem[ 13 ] -1
		mem[ 14 ] 32766
		mem[ 15 ] 10383
	registers:
		reg[ 0 ] 0
		reg[ 1 ] 340209378
		reg[ 2 ] 2147352576
		reg[ 3 ] 10383
		reg[ 4 ] 131072
		reg[ 5 ] -1
		reg[ 6 ] -1
		reg[ 7 ] 0
end state

@@@
state:
	pc 9
	memory: 
		mem[ 0 ] 8519694
		mem[ 1 ] 8585231
		mem[ 2 ] 8650764
		mem[ 3 ] 8781837
		mem[ 4 ] 6029317
		mem[ 5 ] 19791873
		mem[ 6 ] 655361
		mem[ 7 ] 2359300
		mem[ 8 ] 18874370
		mem[ 9 ] 1179650
		mem[ 10 ] 16842745
		mem[ 11 ] 25165824
		mem[ 12 ] 1
		mem[ 13 ] -1
		mem[ 14 ] 32766
		mem[ 15 ] 10383
	registers:
		reg[ 0 ] 0
		reg[ 1 ] 340209378
		reg[ 2 ] 2147352576
		reg[ 3 ] 10383
		reg[ 4 ] 131072
		reg[ 5 ] -1
		reg[ 6 ] -1
		reg[ 7 ] 0
end state

@@@
state:
	pc 10
	memory: 
		mem[ 0 ] 8519694
		mem[ 1 ] 8585231
		mem[ 2 ] 8650764
		mem[ 3 ] 8781837
		mem[ 4 ] 6029317
		mem[ 5 ] 19791873
		mem[ 6 ] 655361
		mem[ 7 ] 2359300
		mem[ 8 ] 18874370
		mem[ 9 ] 1179650
		mem[ 10 ] 16842745
		mem[ 11 ] 25165824
		mem[ 12 ] 1
		mem[ 13 ] -1
		mem[ 14 ] 32766
		mem[ 15 ] 10383
	registers:
		reg[ 0 ] 0
		reg[ 1 ] 340209378
		reg[ 2 ] -262144
		reg[ 3 ] 10383
		reg[ 4 ] 131072
		reg[ 5 ] -1
		reg[ 6 ] -1
		reg[ 7 ] 0
end state

@@@
state:
	pc 4
	memory: 
		mem[ 0 ] 8519694
		mem[ 1 ] 8585231
		mem[ 2 ] 8650764
		mem[ 3 ] 8781837
		mem[ 4 ] 6029317
		mem[ 5 ] 19791873
		mem[ 6 ] 655361
		mem[ 7 ] 2359300
		mem[ 8 ] 18874370
		mem[ 9 ] 1179650
		mem[ 10 ] 16842745
		mem[ 11 ] 25165824
		mem[ 12 ] 1
		mem[ 13 ] -1
		mem[ 14 ] 32766
		mem[ 15 ] 10383
	registers:
		reg[ 0 ] 0
		reg[ 1 ] 340209378
		reg[ 2 ] -262144
		reg[ 3 ] 10383
		reg[ 4 ] 131072
		reg[ 5 ] -1
		reg[ 6 ] -1
		reg[ 7 ] 0
end state

@@@
state:
	pc 5
	memory: 
		mem[ 0 ] 8519694
		mem[ 1 ] 8585231
		mem[ 2 ] 8650764
		mem[ 3 ] 8781837
		mem[ 4 ] 6029317
		mem[ 5 ] 19791873
		mem[ 6 ] 655361
		mem[ 7 ] 2359300
		mem[ 8 ] 18874370
		mem[ 9 ] 1179650
		mem[ 10 ] 16842745
		mem[ 11 ] 25165824
		mem[ 12 ] 1
		mem[ 13 ] -1
		mem[ 14 ] 32766
		mem[ 15 ] 10383
	registers:
		reg[ 0 ] 0
		reg[ 1 ] 340209378
		reg[ 2 ] -262144
		reg[ 3 ] 10383
		reg[ 4 ] 131072
		reg[ 5 ] -1
		reg[ 6 ] -1
		reg[ 7 ] 0
end state

@@@
state:
	pc 7
	memory: 
		mem[ 0 ] 8519694
		mem[ 1 ] 8585231
		mem[ 2 ] 8650764
		mem[ 3 ] 8781837
		mem[ 4 ] 6029317
		mem[ 5 ] 19791873
		mem[ 6 ] 655361
		mem[ 7 ] 2359300
		mem[ 8 ] 18874370
		mem[ 9 ] 1179650
		mem[ 10 ] 16842745
		mem[ 11 ] 25165824
		mem[ 12 ] 1
		mem[ 13 ] -1
		mem[ 14 ] 32766
		mem[ 15 ] 10383
	registers:
		reg[ 0 ] 0
		reg[ 1 ] 340209378
		reg[ 2 ] -262144
		reg[ 3 ] 10383
		reg[ 4 ] 131072
		reg[ 5 ] -1
		reg[ 6 ] -1
		reg[ 7 ] 0
end state

@@@
state:
	pc 8
	memory: 
		mem[ 0 ] 8519694
		mem[ 1 ] 8585231
		mem[ 2 ] 8650764
		mem[ 3 ] 8781837
		mem[ 4 ] 6029317
		mem[ 5 ] 19791873
		mem[ 6 ] 655361
		mem[ 7 ] 2359300
		mem[ 8 ] 18874370
		mem[ 9 ] 1179650
		mem[ 10 ] 16842745
		mem[ 11 ] 25165824
		mem[ 12 ] 1
		mem[ 13 ] -1
		mem[ 14 ] 32766
		mem[ 15 ] 10383
	registers:
		reg[ 0 ] 0
		reg[ 1 ] 340209378
		reg[ 2 ] -262144
		reg[ 3 ] 10383
		reg[ 4 ] 262144
		reg[ 5 ] -1
		reg[ 6 ] -1
		reg[ 7 ] 0
end state

@@@
state:
	pc 9
	memory: 
		mem[ 0 ] 8519694
		mem[ 1 ] 8585231
		mem[ 2 ] 8650764
		mem[ 3 ] 8781837
		mem[ 4 ] 6029317
		mem[ 5 ] 19791873
		mem[ 6 ] 655361
		mem[ 7 ] 2359300
		mem[ 8 ] 18874370
		mem[ 9 ] 1179650
		mem[ 10 ] 16842745
		mem[ 11 ] 25165824
		mem[ 12 ] 1
		mem[ 13 ] -1
		mem[ 14 ] 32766
		mem[ 15 ] 10383
	registers:
		reg[ 0 ] 0
		reg[ 1 ] 340209378
		reg[ 2 ] -262144
		reg[ 3 ] 10383
		reg[ 4 ] 262144
		reg[ 5 ] -1
		reg[ 6 ] -1
		reg[ 7 ] 0
end state

@@@
state:
	pc 10
	memory: 
		mem[ 0 ] 8519694
		mem[ 1 ] 8585231
		mem[ 2 ] 8650764
		mem[ 3 ] 8781837
		mem[ 4 ] 6029317
		mem[ 5 ] 19791873
		mem[ 6 ] 655361
		mem[ 7 ] 2359300
		mem[ 8 ] 18874370
		mem[ 9 ] 1179650
		mem[ 10 ] 16842745
		mem[ 11 ] 25165824
		mem[ 12 ] 1
		mem[ 13 ] -1
		mem[ 14 ] 32766
		mem[ 15 ] 10383
	registers:
		reg[ 0 ] 0
		reg[ 1 ] 340209378
		reg[ 2 ] -524288
		reg[ 3 ] 10383
		reg[ 4 ] 262144
		reg[ 5 ] -1
		reg[ 6 ] -1
		reg[ 7 ] 0
end state

@@@
state:
	pc 4
	memory: 
		mem[ 0 ] 8519694
		mem[ 1 ] 8585231
		mem[ 2 ] 8650764
		mem[ 3 ] 8781837
		mem[ 4 ] 6029317
		mem[ 5 ] 19791873
		mem[ 6 ] 655361
		mem[ 7 ] 2359300
		mem[ 8 ] 18874370
		mem[ 9 ] 1179650
		mem[ 10 ] 16842745
		mem[ 11 ] 25165824
		mem[ 12 ] 1
		mem[ 13 ] -1
		mem[ 14 ] 32766
		mem[ 15 ] 10383
	registers:
		reg[ 0 ] 0
		reg[ 1 ] 340209378
		reg[ 2 ] -524288
		reg[ 3 ] 10383
		reg[ 4 ] 262144
		reg[ 5 ] -1
		reg[ 6 ] -1
		reg[ 7 ] 0
end state

@@@
state:
	pc 5
	memory: 
		mem[ 0 ] 8519694
		mem[ 1 ] 8585231
		mem[ 2 ] 8650764
		mem[ 3 ] 8781837
		mem[ 4 ] 6029317
		mem[ 5 ] 19791873
		mem[ 6 ] 655361
		mem[ 7 ] 2359300
		mem[ 8 ] 18874370
		mem[ 9 ] 1179650
		mem[ 10 ] 16842745
		mem[ 11 ] 25165824
		mem[ 12 ] 1
		mem[ 13 ] -1
		mem[ 14 ] 32766
		mem[ 15 ] 10383
	registers:
		reg[ 0 ] 0
		reg[ 1 ] 340209378
		reg[ 2 ] -524288
		reg[ 3 ] 10383
		reg[ 4 ] 262144
		reg[ 5 ] -1
		reg[ 6 ] -1
		reg[ 7 ] 0
end state

@@@
state:
	pc 7
	memory: 
		mem[ 0 ] 8519694
		mem[ 1 ] 8585231
		mem[ 2 ] 8650764
		mem[ 3 ] 8781837
		mem[ 4 ] 6029317
		mem[ 5 ] 19791873
		mem[ 6 ] 655361
		mem[ 7 ] 2359300
		mem[ 8 ] 18874370
		mem[ 9 ] 1179650
		mem[ 10 ] 16842745
		mem[ 11 ] 25165824
		mem[ 12 ] 1
		mem[ 13 ] -1
		mem[ 14 ] 32766
		mem[ 15 ] 10383
	registers:
		reg[ 0 ] 0
		reg[ 1 ] 340209378
		reg[ 2 ] -524288
		reg[ 3 ] 10383
		reg[ 4 ] 262144
		reg[ 5 ] -1
		reg[ 6 ] -1
		reg[ 7 ] 0
end state

@@@
state:
	pc 8
	memory: 
		mem[ 0 ] 8519694
		mem[ 1 ] 8585231
		mem[ 2 ] 8650764
		mem[ 3 ] 8781837
		mem[ 4 ] 6029317
		mem[ 5 ] 19791873
		mem[ 6 ] 655361
		mem[ 7 ] 2359300
		mem[ 8 ] 18874370
		mem[ 9 ] 1179650
		mem[ 10 ] 16842745
		mem[ 11 ] 25165824
		mem[ 12 ] 1
		mem[ 13 ] -1
		mem[ 14 ] 32766
		mem[ 15 ] 10383
	registers:
		reg[ 0 ] 0
		reg[ 1 ] 340209378
		reg[ 2 ] -524288
		reg[ 3 ] 10383
		reg[ 4 ] 524288
		reg[ 5 ] -1
		reg[ 6 ] -1
		reg[ 7 ] 0
end state

@@@
state:
	pc 9
	memory: 
		mem[ 0 ] 8519694
		mem[ 1 ] 8585231
		mem[ 2 ] 8650764
		mem[ 3 ] 8781837
		mem[ 4 ] 6029317
		mem[ 5 ] 19791873
		mem[ 6 ] 655361
		mem[ 7 ] 2359300
		mem[ 8 ] 18874370
		mem[ 9 ] 1179650
		mem[ 10 ] 16842745
		mem[ 11 ] 25165824
		mem[ 12 ] 1
		mem[ 13 ] -1
		mem[ 14 ] 32766
		mem[ 15 ] 10383
	registers:
		reg[ 0 ] 0
		reg[ 1 ] 340209378
		reg[ 2 ] -524288
		reg[ 3 ] 10383
		reg[ 4 ] 524288
		reg[ 5 ] -1
		reg[ 6 ] -1
		reg[ 7 ] 0
end state

@@@
state:
	pc 10
	memory: 
		mem[ 0 ] 8519694
		mem[ 1 ] 8585231
		mem[ 2 ] 8650764
		mem[ 3 ] 8781837
		mem[ 4 ] 6029317
		mem[ 5 ] 19791873
		mem[ 6 ] 655361
		mem[ 7 ] 2359300
		mem[ 8 ] 18874370
		mem[ 9 ] 1179650
		mem[ 10 ] 16842745
		mem[ 11 ] 25165824
		mem[ 12 ] 1
		mem[ 13 ] -1
		mem[ 14 ] 32766
		mem[ 15 ] 10383
	registers:
		reg[ 0 ] 0
		reg[ 1 ] 340209378
		reg[ 2 ] -1048576
		reg[ 3 ] 10383
		reg[ 4 ] 524288
		reg[ 5 ] -1
		reg[ 6 ] -1
		reg[ 7 ] 0
end state

@@@
state:
	pc 4
	memory: 
		mem[ 0 ] 8519694
		mem[ 1 ] 8585231
		mem[ 2 ] 8650764
		mem[ 3 ] 8781837
		mem[ 4 ] 6029317
		mem[ 5 ] 19791873
		mem[ 6 ] 655361
		mem[ 7 ] 2359300
		mem[ 8 ] 18874370
		mem[ 9 ] 1179650
		mem[ 10 ] 16842745
		mem[ 11 ] 25165824
		mem[ 12 ] 1
		mem[ 13 ] -1
		mem[ 14 ] 32766
		mem[ 15 ] 10383
	registers:
		reg[ 0 ] 0
		reg[ 1 ] 340209378
		reg[ 2 ] -1048576
		reg[ 3 ] 10383
		reg[ 4 ] 524288
		reg[ 5 ] -1
		reg[ 6 ] -1
		reg[ 7 ] 0
end state

@@@
state:
	pc 5
	memory: 
		mem[ 0 ] 8519694
		mem[ 1 ] 8585231
		mem[ 2 ] 8650764
		mem[ 3 ] 8781837
		mem[ 4 ] 6029317
		mem[ 5 ] 19791873
		mem[ 6 ] 655361
		mem[ 7 ] 2359300
		mem[ 8 ] 18874370
		mem[ 9 ] 1179650
		mem[ 10 ] 16842745
		mem[ 11 ] 25165824
		mem[ 12 ] 1
		mem[ 13 ] -1
		mem[ 14 ] 32766
		mem[ 15 ] 10383
	registers:
		reg[ 0 ] 0
		reg[ 1 ] 340209378
		reg[ 2 ] -1048576
		reg[ 3 ] 10383
		reg[ 4 ] 524288
		reg[ 5 ] -1
		reg[ 6 ] -1
		reg[ 7 ] 0
end state

@@@
state:
	pc 7
	memory: 
		mem[ 0 ] 8519694
		mem[ 1 ] 8585231
		mem[ 2 ] 8650764
		mem[ 3 ] 8781837
		mem[ 4 ] 6029317
		mem[ 5 ] 19791873
		mem[ 6 ] 655361
		mem[ 7 ] 2359300
		mem[ 8 ] 18874370
		mem[ 9 ] 1179650
		mem[ 10 ] 16842745
		mem[ 11 ] 25165824
		mem[ 12 ] 1
		mem[ 13 ] -1
		mem[ 14 ] 32766
		mem[ 15 ] 10383
	registers:
		reg[ 0 ] 0
		reg[ 1 ] 340209378
		reg[ 2 ] -1048576
		reg[ 3 ] 10383
		reg[ 4 ] 524288
		reg[ 5 ] -1
		reg[ 6 ] -1
		reg[ 7 ] 0
end state

@@@
state:
	pc 8
	memory: 
		mem[ 0 ] 8519694
		mem[ 1 ] 8585231
		mem[ 2 ] 8650764
		mem[ 3 ] 8781837
		mem[ 4 ] 6029317
		mem[ 5 ] 19791873
		mem[ 6 ] 655361
		mem[ 7 ] 2359300
		mem[ 8 ] 18874370
		mem[ 9 ] 1179650
		mem[ 10 ] 16842745
		mem[ 11 ] 25165824
		mem[ 12 ] 1
		mem[ 13 ] -1
		mem[ 14 ] 32766
		mem[ 15 ] 10383
	registers:
		reg[ 0 ] 0
		reg[ 1 ] 340209378
		reg[ 2 ] -1048576
		reg[ 3 ] 10383
		reg[ 4 ] 1048576
		reg[ 5 ] -1
		reg[ 6 ] -1
		reg[ 7 ] 0
end state

@@@
state:
	pc 9
	memory: 
		mem[ 0 ] 8519694
		mem[ 1 ] 8585231
		mem[ 2 ] 8650764
		mem[ 3 ] 8781837
		mem[ 4 ] 6029317
		mem[ 5 ] 19791873
		mem[ 6 ] 655361
		mem[ 7 ] 2359300
		mem[ 8 ] 18874370
		mem[ 9 ] 1179650
		mem[ 10 ] 16842745
		mem[ 11 ] 25165824
		mem[ 12 ] 1
		mem[ 13 ] -1
		mem[ 14 ] 32766
		mem[ 15 ] 10383
	registers:
		reg[ 0 ] 0
		reg[ 1 ] 340209378
		reg[ 2 ] -1048576
		reg[ 3 ] 10383
		reg[ 4 ] 1048576
		reg[ 5 ] -1
		reg[ 6 ] -1
		reg[ 7 ] 0
end state

@@@
state:
	pc 10
	memory: 
		mem[ 0 ] 8519694
		mem[ 1 ] 8585231
		mem[ 2 ] 8650764
		mem[ 3 ] 8781837
		mem[ 4 ] 6029317
		mem[ 5 ] 19791873
		mem[ 6 ] 655361
		mem[ 7 ] 2359300
		mem[ 8 ] 18874370
		mem[ 9 ] 1179650
		mem[ 10 ] 16842745
		mem[ 11 ] 25165824
		mem[ 12 ] 1
		mem[ 13 ] -1
		mem[ 14 ] 32766
		mem[ 15 ] 10383
	registers:
		reg[ 0 ] 0
		reg[ 1 ] 340209378
		reg[ 2 ] -2097152
		reg[ 3 ] 10383
		reg[ 4 ] 1048576
		reg[ 5 ] -1
		reg[ 6 ] -1
		reg[ 7 ] 0
end state

@@@
state:
	pc 4
	memory: 
		mem[ 0 ] 8519694
		mem[ 1 ] 8585231
		mem[ 2 ] 8650764
		mem[ 3 ] 8781837
		mem[ 4 ] 6029317
		mem[ 5 ] 19791873
		mem[ 6 ] 655361
		mem[ 7 ] 2359300
		mem[ 8 ] 18874370
		mem[ 9 ] 1179650
		mem[ 10 ] 16842745
		mem[ 11 ] 25165824
		mem[ 12 ] 1
		mem[ 13 ] -1
		mem[ 14 ] 32766
		mem[ 15 ] 10383
	registers:
		reg[ 0 ] 0
		reg[ 1 ] 340209378
		reg[ 2 ] -2097152
		reg[ 3 ] 10383
		reg[ 4 ] 1048576
		reg[ 5 ] -1
		reg[ 6 ] -1
		reg[ 7 ] 0
end state

@@@
state:
	pc 5
	memory: 
		mem[ 0 ] 8519694
		mem[ 1 ] 8585231
		mem[ 2 ] 8650764
		mem[ 3 ] 8781837
		mem[ 4 ] 6029317
		mem[ 5 ] 19791873
		mem[ 6 ] 655361
		mem[ 7 ] 2359300
		mem[ 8 ] 18874370
		mem[ 9 ] 1179650
		mem[ 10 ] 16842745
		mem[ 11 ] 25165824
		mem[ 12 ] 1
		mem[ 13 ] -1
		mem[ 14 ] 32766
		mem[ 15 ] 10383
	registers:
		reg[ 0 ] 0
		reg[ 1 ] 340209378
		reg[ 2 ] -2097152
		reg[ 3 ] 10383
		reg[ 4 ] 1048576
		reg[ 5 ] -1
		reg[ 6 ] -1
		reg[ 7 ] 0
end state

@@@
state:
	pc 7
	memory: 
		mem[ 0 ] 8519694
		mem[ 1 ] 8585231
		mem[ 2 ] 8650764
		mem[ 3 ] 8781837
		mem[ 4 ] 6029317
		mem[ 5 ] 19791873
		mem[ 6 ] 655361
		mem[ 7 ] 2359300
		mem[ 8 ] 18874370
		mem[ 9 ] 1179650
		mem[ 10 ] 16842745
		mem[ 11 ] 25165824
		mem[ 12 ] 1
		mem[ 13 ] -1
		mem[ 14 ] 32766
		mem[ 15 ] 10383
	registers:
		reg[ 0 ] 0
		reg[ 1 ] 340209378
		reg[ 2 ] -2097152
		reg[ 3 ] 10383
		reg[ 4 ] 1048576
		reg[ 5 ] -1
		reg[ 6 ] -1
		reg[ 7 ] 0
end state

@@@
state:
	pc 8
	memory: 
		mem[ 0 ] 8519694
		mem[ 1 ] 8585231
		mem[ 2 ] 8650764
		mem[ 3 ] 8781837
		mem[ 4 ] 6029317
		mem[ 5 ] 19791873
		mem[ 6 ] 655361
		mem[ 7 ] 2359300
		mem[ 8 ] 18874370
		mem[ 9 ] 1179650
		mem[ 10 ] 16842745
		mem[ 11 ] 25165824
		mem[ 12 ] 1
		mem[ 13 ] -1
		mem[ 14 ] 32766
		mem[ 15 ] 10383
	registers:
		reg[ 0 ] 0
		reg[ 1 ] 340209378
		reg[ 2 ] -2097152
		reg[ 3 ] 10383
		reg[ 4 ] 2097152
		reg[ 5 ] -1
		reg[ 6 ] -1
		reg[ 7 ] 0
end state

@@@
state:
	pc 9
	memory: 
		mem[ 0 ] 8519694
		mem[ 1 ] 8585231
		mem[ 2 ] 8650764
		mem[ 3 ] 8781837
		mem[ 4 ] 6029317
		mem[ 5 ] 19791873
		mem[ 6 ] 655361
		mem[ 7 ] 2359300
		mem[ 8 ] 18874370
		mem[ 9 ] 1179650
		mem[ 10 ] 16842745
		mem[ 11 ] 25165824
		mem[ 12 ] 1
		mem[ 13 ] -1
		mem[ 14 ] 32766
		mem[ 15 ] 10383
	registers:
		reg[ 0 ] 0
		reg[ 1 ] 340209378
		reg[ 2 ] -2097152
		reg[ 3 ] 10383
		reg[ 4 ] 2097152
		reg[ 5 ] -1
		reg[ 6 ] -1
		reg[ 7 ] 0
end state

@@@
state:
	pc 10
	memory: 
		mem[ 0 ] 8519694
		mem[ 1 ] 8585231
		mem[ 2 ] 8650764
		mem[ 3 ] 8781837
		mem[ 4 ] 6029317
		mem[ 5 ] 19791873
		mem[ 6 ] 655361
		mem[ 7 ] 2359300
		mem[ 8 ] 18874370
		mem[ 9 ] 1179650
		mem[ 10 ] 16842745
		mem[ 11 ] 25165824
		mem[ 12 ] 1
		mem[ 13 ] -1
		mem[ 14 ] 32766
		mem[ 15 ] 10383
	registers:
		reg[ 0 ] 0
		reg[ 1 ] 340209378
		reg[ 2 ] -4194304
		reg[ 3 ] 10383
		reg[ 4 ] 2097152
		reg[ 5 ] -1
		reg[ 6 ] -1
		reg[ 7 ] 0
end state

@@@
state:
	pc 4
	memory: 
		mem[ 0 ] 8519694
		mem[ 1 ] 8585231
		mem[ 2 ] 8650764
		mem[ 3 ] 8781837
		mem[ 4 ] 6029317
		mem[ 5 ] 19791873
		mem[ 6 ] 655361
		mem[ 7 ] 2359300
		mem[ 8 ] 18874370
		mem[ 9 ] 1179650
		mem[ 10 ] 16842745
		mem[ 11 ] 25165824
		mem[ 12 ] 1
		mem[ 13 ] -1
		mem[ 14 ] 32766
		mem[ 15 ] 10383
	registers:
		reg[ 0 ] 0
		reg[ 1 ] 340209378
		reg[ 2 ] -4194304
		reg[ 3 ] 10383
		reg[ 4 ] 2097152
		reg[ 5 ] -1
		reg[ 6 ] -1
		reg[ 7 ] 0
end state

@@@
state:
	pc 5
	memory: 
		mem[ 0 ] 8519694
		mem[ 1 ] 8585231
		mem[ 2 ] 8650764
		mem[ 3 ] 8781837
		mem[ 4 ] 6029317
		mem[ 5 ] 19791873
		mem[ 6 ] 655361
		mem[ 7 ] 2359300
		mem[ 8 ] 18874370
		mem[ 9 ] 1179650
		mem[ 10 ] 16842745
		mem[ 11 ] 25165824
		mem[ 12 ] 1
		mem[ 13 ] -1
		mem[ 14 ] 32766
		mem[ 15 ] 10383
	registers:
		reg[ 0 ] 0
		reg[ 1 ] 340209378
		reg[ 2 ] -4194304
		reg[ 3 ] 10383
		reg[ 4 ] 2097152
		reg[ 5 ] -1
		reg[ 6 ] -1
		reg[ 7 ] 0
end state

@@@
state:
	pc 7
	memory: 
		mem[ 0 ] 8519694
		mem[ 1 ] 8585231
		mem[ 2 ] 8650764
		mem[ 3 ] 8781837
		mem[ 4 ] 6029317
		mem[ 5 ] 19791873
		mem[ 6 ] 655361
		mem[ 7 ] 2359300
		mem[ 8 ] 18874370
		mem[ 9 ] 1179650
		mem[ 10 ] 16842745
		mem[ 11 ] 25165824
		mem[ 12 ] 1
		mem[ 13 ] -1
		mem[ 14 ] 32766
		mem[ 15 ] 10383
	registers:
		reg[ 0 ] 0
		reg[ 1 ] 340209378
		reg[ 2 ] -4194304
		reg[ 3 ] 10383
		reg[ 4 ] 2097152
		reg[ 5 ] -1
		reg[ 6 ] -1
		reg[ 7 ] 0
end state

@@@
state:
	pc 8
	memory: 
		mem[ 0 ] 8519694
		mem[ 1 ] 8585231
		mem[ 2 ] 8650764
		mem[ 3 ] 8781837
		mem[ 4 ] 6029317
		mem[ 5 ] 19791873
		mem[ 6 ] 655361
		mem[ 7 ] 2359300
		mem[ 8 ] 18874370
		mem[ 9 ] 1179650
		mem[ 10 ] 16842745
		mem[ 11 ] 25165824
		mem[ 12 ] 1
		mem[ 13 ] -1
		mem[ 14 ] 32766
		mem[ 15 ] 10383
	registers:
		reg[ 0 ] 0
		reg[ 1 ] 340209378
		reg[ 2 ] -4194304
		reg[ 3 ] 10383
		reg[ 4 ] 4194304
		reg[ 5 ] -1
		reg[ 6 ] -1
		reg[ 7 ] 0
end state

@@@
state:
	pc 9
	memory: 
		mem[ 0 ] 8519694
		mem[ 1 ] 8585231
		mem[ 2 ] 8650764
		mem[ 3 ] 8781837
		mem[ 4 ] 6029317
		mem[ 5 ] 19791873
		mem[ 6 ] 655361
		mem[ 7 ] 2359300
		mem[ 8 ] 18874370
		mem[ 9 ] 1179650
		mem[ 10 ] 16842745
		mem[ 11 ] 25165824
		mem[ 12 ] 1
		mem[ 13 ] -1
		mem[ 14 ] 32766
		mem[ 15 ] 10383
	registers:
		reg[ 0 ] 0
		reg[ 1 ] 340209378
		reg[ 2 ] -4194304
		reg[ 3 ] 10383
		reg[ 4 ] 4194304
		reg[ 5 ] -1
		reg[ 6 ] -1
		reg[ 7 ] 0
end state

@@@
state:
	pc 10
	memory: 
		mem[ 0 ] 8519694
		mem[ 1 ] 8585231
		mem[ 2 ] 8650764
		mem[ 3 ] 8781837
		mem[ 4 ] 6029317
		mem[ 5 ] 19791873
		mem[ 6 ] 655361
		mem[ 7 ] 2359300
		mem[ 8 ] 18874370
		mem[ 9 ] 1179650
		mem[ 10 ] 16842745
		mem[ 11 ] 25165824
		mem[ 12 ] 1
		mem[ 13 ] -1
		mem[ 14 ] 32766
		mem[ 15 ] 10383
	registers:
		reg[ 0 ] 0
		reg[ 1 ] 340209378
		reg[ 2 ] -8388608
		reg[ 3 ] 10383
		reg[ 4 ] 4194304
		reg[ 5 ] -1
		reg[ 6 ] -1
		reg[ 7 ] 0
end state

@@@
state:
	pc 4
	memory: 
		mem[ 0 ] 8519694
		mem[ 1 ] 8585231
		mem[ 2 ] 8650764
		mem[ 3 ] 8781837
		mem[ 4 ] 6029317
		mem[ 5 ] 19791873
		mem[ 6 ] 655361
		mem[ 7 ] 2359300
		mem[ 8 ] 18874370
		mem[ 9 ] 1179650
		mem[ 10 ] 16842745
		mem[ 11 ] 25165824
		mem[ 12 ] 1
		mem[ 13 ] -1
		mem[ 14 ] 32766
		mem[ 15 ] 10383
	registers:
		reg[ 0 ] 0
		reg[ 1 ] 340209378
		reg[ 2 ] -8388608
		reg[ 3 ] 10383
		reg[ 4 ] 4194304
		reg[ 5 ] -1
		reg[ 6 ] -1
		reg[ 7 ] 0
end state

@@@
state:
	pc 5
	memory: 
		mem[ 0 ] 8519694
		mem[ 1 ] 8585231
		mem[ 2 ] 8650764
		mem[ 3 ] 8781837
		mem[ 4 ] 6029317
		mem[ 5 ] 19791873
		mem[ 6 ] 655361
		mem[ 7 ] 2359300
		mem[ 8 ] 18874370
		mem[ 9 ] 1179650
		mem[ 10 ] 16842745
		mem[ 11 ] 25165824
		mem[ 12 ] 1
		mem[ 13 ] -1
		mem[ 14 ] 32766
		mem[ 15 ] 10383
	registers:
		reg[ 0 ] 0
		reg[ 1 ] 340209378
		reg[ 2 ] -8388608
		reg[ 3 ] 10383
		reg[ 4 ] 4194304
		reg[ 5 ] -1
		reg[ 6 ] -1
		reg[ 7 ] 0
end state

@@@
state:
	pc 7
	memory: 
		mem[ 0 ] 8519694
		mem[ 1 ] 8585231
		mem[ 2 ] 8650764
		mem[ 3 ] 8781837
		mem[ 4 ] 6029317
		mem[ 5 ] 19791873
		mem[ 6 ] 655361
		mem[ 7 ] 2359300
		mem[ 8 ] 18874370
		mem[ 9 ] 1179650
		mem[ 10 ] 16842745
		mem[ 11 ] 25165824
		mem[ 12 ] 1
		mem[ 13 ] -1
		mem[ 14 ] 32766
		mem[ 15 ] 10383
	registers:
		reg[ 0 ] 0
		reg[ 1 ] 340209378
		reg[ 2 ] -8388608
		reg[ 3 ] 10383
		reg[ 4 ] 4194304
		reg[ 5 ] -1
		reg[ 6 ] -1
		reg[ 7 ] 0
end state

@@@
state:
	pc 8
	memory: 
		mem[ 0 ] 8519694
		mem[ 1 ] 8585231
		mem[ 2 ] 8650764
		mem[ 3 ] 8781837
		mem[ 4 ] 6029317
		mem[ 5 ] 19791873
		mem[ 6 ] 655361
		mem[ 7 ] 2359300
		mem[ 8 ] 18874370
		mem[ 9 ] 1179650
		mem[ 10 ] 16842745
		mem[ 11 ] 25165824
		mem[ 12 ] 1
		mem[ 13 ] -1
		mem[ 14 ] 32766
		mem[ 15 ] 10383
	registers:
		reg[ 0 ] 0
		reg[ 1 ] 340209378
		reg[ 2 ] -8388608
		reg[ 3 ] 10383
		reg[ 4 ] 8388608
		reg[ 5 ] -1
		reg[ 6 ] -1
		reg[ 7 ] 0
end state

@@@
state:
	pc 9
	memory: 
		mem[ 0 ] 8519694
		mem[ 1 ] 8585231
		mem[ 2 ] 8650764
		mem[ 3 ] 8781837
		mem[ 4 ] 6029317
		mem[ 5 ] 19791873
		mem[ 6 ] 655361
		mem[ 7 ] 2359300
		mem[ 8 ] 18874370
		mem[ 9 ] 1179650
		mem[ 10 ] 16842745
		mem[ 11 ] 25165824
		mem[ 12 ] 1
		mem[ 13 ] -1
		mem[ 14 ] 32766
		mem[ 15 ] 10383
	registers:
		reg[ 0 ] 0
		reg[ 1 ] 340209378
		reg[ 2 ] -8388608
		reg[ 3 ] 10383
		reg[ 4 ] 8388608
		reg[ 5 ] -1
		reg[ 6 ] -1
		reg[ 7 ] 0
end state

@@@
state:
	pc 10
	memory: 
		mem[ 0 ] 8519694
		mem[ 1 ] 8585231
		mem[ 2 ] 8650764
		mem[ 3 ] 8781837
		mem[ 4 ] 6029317
		mem[ 5 ] 19791873
		mem[ 6 ] 655361
		mem[ 7 ] 2359300
		mem[ 8 ] 18874370
		mem[ 9 ] 1179650
		mem[ 10 ] 16842745
		mem[ 11 ] 25165824
		mem[ 12 ] 1
		mem[ 13 ] -1
		mem[ 14 ] 32766
		mem[ 15 ] 10383
	registers:
		reg[ 0 ] 0
		reg[ 1 ] 340209378
		reg[ 2 ] -16777216
		reg[ 3 ] 10383
		reg[ 4 ] 8388608
		reg[ 5 ] -1
		reg[ 6 ] -1
		reg[ 7 ] 0
end state

@@@
state:
	pc 4
	memory: 
		mem[ 0 ] 8519694
		mem[ 1 ] 8585231
		mem[ 2 ] 8650764
		mem[ 3 ] 8781837
		mem[ 4 ] 6029317
		mem[ 5 ] 19791873
		mem[ 6 ] 655361
		mem[ 7 ] 2359300
		mem[ 8 ] 18874370
		mem[ 9 ] 1179650
		mem[ 10 ] 16842745
		mem[ 11 ] 25165824
		mem[ 12 ] 1
		mem[ 13 ] -1
		mem[ 14 ] 32766
		mem[ 15 ] 10383
	registers:
		reg[ 0 ] 0
		reg[ 1 ] 340209378
		reg[ 2 ] -16777216
		reg[ 3 ] 10383
		reg[ 4 ] 8388608
		reg[ 5 ] -1
		reg[ 6 ] -1
		reg[ 7 ] 0
end state

@@@
state:
	pc 5
	memory: 
		mem[ 0 ] 8519694
		mem[ 1 ] 8585231
		mem[ 2 ] 8650764
		mem[ 3 ] 8781837
		mem[ 4 ] 6029317
		mem[ 5 ] 19791873
		mem[ 6 ] 655361
		mem[ 7 ] 2359300
		mem[ 8 ] 18874370
		mem[ 9 ] 1179650
		mem[ 10 ] 16842745
		mem[ 11 ] 25165824
		mem[ 12 ] 1
		mem[ 13 ] -1
		mem[ 14 ] 32766
		mem[ 15 ] 10383
	registers:
		reg[ 0 ] 0
		reg[ 1 ] 340209378
		reg[ 2 ] -16777216
		reg[ 3 ] 10383
		reg[ 4 ] 8388608
		reg[ 5 ] -1
		reg[ 6 ] -1
		reg[ 7 ] 0
end state

@@@
state:
	pc 7
	memory: 
		mem[ 0 ] 8519694
		mem[ 1 ] 8585231
		mem[ 2 ] 8650764
		mem[ 3 ] 8781837
		mem[ 4 ] 6029317
		mem[ 5 ] 19791873
		mem[ 6 ] 655361
		mem[ 7 ] 2359300
		mem[ 8 ] 18874370
		mem[ 9 ] 1179650
		mem[ 10 ] 16842745
		mem[ 11 ] 25165824
		mem[ 12 ] 1
		mem[ 13 ] -1
		mem[ 14 ] 32766
		mem[ 15 ] 10383
	registers:
		reg[ 0 ] 0
		reg[ 1 ] 340209378
		reg[ 2 ] -16777216
		reg[ 3 ] 10383
		reg[ 4 ] 8388608
		reg[ 5 ] -1
		reg[ 6 ] -1
		reg[ 7 ] 0
end state

@@@
state:
	pc 8
	memory: 
		mem[ 0 ] 8519694
		mem[ 1 ] 8585231
		mem[ 2 ] 8650764
		mem[ 3 ] 8781837
		mem[ 4 ] 6029317
		mem[ 5 ] 19791873
		mem[ 6 ] 655361
		mem[ 7 ] 2359300
		mem[ 8 ] 18874370
		mem[ 9 ] 1179650
		mem[ 10 ] 16842745
		mem[ 11 ] 25165824
		mem[ 12 ] 1
		mem[ 13 ] -1
		mem[ 14 ] 32766
		mem[ 15 ] 10383
	registers:
		reg[ 0 ] 0
		reg[ 1 ] 340209378
		reg[ 2 ] -16777216
		reg[ 3 ] 10383
		reg[ 4 ] 16777216
		reg[ 5 ] -1
		reg[ 6 ] -1
		reg[ 7 ] 0
end state

@@@
state:
	pc 9
	memory: 
		mem[ 0 ] 8519694
		mem[ 1 ] 8585231
		mem[ 2 ] 8650764
		mem[ 3 ] 8781837
		mem[ 4 ] 6029317
		mem[ 5 ] 19791873
		mem[ 6 ] 655361
		mem[ 7 ] 2359300
		mem[ 8 ] 18874370
		mem[ 9 ] 1179650
		mem[ 10 ] 16842745
		mem[ 11 ] 25165824
		mem[ 12 ] 1
		mem[ 13 ] -1
		mem[ 14 ] 32766
		mem[ 15 ] 10383
	registers:
		reg[ 0 ] 0
		reg[ 1 ] 340209378
		reg[ 2 ] -16777216
		reg[ 3 ] 10383
		reg[ 4 ] 16777216
		reg[ 5 ] -1
		reg[ 6 ] -1
		reg[ 7 ] 0
end state

@@@
state:
	pc 10
	memory: 
		mem[ 0 ] 8519694
		mem[ 1 ] 8585231
		mem[ 2 ] 8650764
		mem[ 3 ] 8781837
		mem[ 4 ] 6029317
		mem[ 5 ] 19791873
		mem[ 6 ] 655361
		mem[ 7 ] 2359300
		mem[ 8 ] 18874370
		mem[ 9 ] 1179650
		mem[ 10 ] 16842745
		mem[ 11 ] 25165824
		mem[ 12 ] 1
		mem[ 13 ] -1
		mem[ 14 ] 32766
		mem[ 15 ] 10383
	registers:
		reg[ 0 ] 0
		reg[ 1 ] 340209378
		reg[ 2 ] -33554432
		reg[ 3 ] 10383
		reg[ 4 ] 16777216
		reg[ 5 ] -1
		reg[ 6 ] -1
		reg[ 7 ] 0
end state

@@@
state:
	pc 4
	memory: 
		mem[ 0 ] 8519694
		mem[ 1 ] 8585231
		mem[ 2 ] 8650764
		mem[ 3 ] 8781837
		mem[ 4 ] 6029317
		mem[ 5 ] 19791873
		mem[ 6 ] 655361
		mem[ 7 ] 2359300
		mem[ 8 ] 18874370
		mem[ 9 ] 1179650
		mem[ 10 ] 16842745
		mem[ 11 ] 25165824
		mem[ 12 ] 1
		mem[ 13 ] -1
		mem[ 14 ] 32766
		mem[ 15 ] 10383
	registers:
		reg[ 0 ] 0
		reg[ 1 ] 340209378
		reg[ 2 ] -33554432
		reg[ 3 ] 10383
		reg[ 4 ] 16777216
		reg[ 5 ] -1
		reg[ 6 ] -1
		reg[ 7 ] 0
end state

@@@
state:
	pc 5
	memory: 
		mem[ 0 ] 8519694
		mem[ 1 ] 8585231
		mem[ 2 ] 8650764
		mem[ 3 ] 8781837
		mem[ 4 ] 6029317
		mem[ 5 ] 19791873
		mem[ 6 ] 655361
		mem[ 7 ] 2359300
		mem[ 8 ] 18874370
		mem[ 9 ] 1179650
		mem[ 10 ] 16842745
		mem[ 11 ] 25165824
		mem[ 12 ] 1
		mem[ 13 ] -1
		mem[ 14 ] 32766
		mem[ 15 ] 10383
	registers:
		reg[ 0 ] 0
		reg[ 1 ] 340209378
		reg[ 2 ] -33554432
		reg[ 3 ] 10383
		reg[ 4 ] 16777216
		reg[ 5 ] -1
		reg[ 6 ] -1
		reg[ 7 ] 0
end state

@@@
state:
	pc 7
	memory: 
		mem[ 0 ] 8519694
		mem[ 1 ] 8585231
		mem[ 2 ] 8650764
		mem[ 3 ] 8781837
		mem[ 4 ] 6029317
		mem[ 5 ] 19791873
		mem[ 6 ] 655361
		mem[ 7 ] 2359300
		mem[ 8 ] 18874370
		mem[ 9 ] 1179650
		mem[ 10 ] 16842745
		mem[ 11 ] 25165824
		mem[ 12 ] 1
		mem[ 13 ] -1
		mem[ 14 ] 32766
		mem[ 15 ] 10383
	registers:
		reg[ 0 ] 0
		reg[ 1 ] 340209378
		reg[ 2 ] -33554432
		reg[ 3 ] 10383
		reg[ 4 ] 16777216
		reg[ 5 ] -1
		reg[ 6 ] -1
		reg[ 7 ] 0
end state

@@@
state:
	pc 8
	memory: 
		mem[ 0 ] 8519694
		mem[ 1 ] 8585231
		mem[ 2 ] 8650764
		mem[ 3 ] 8781837
		mem[ 4 ] 6029317
		mem[ 5 ] 19791873
		mem[ 6 ] 655361
		mem[ 7 ] 2359300
		mem[ 8 ] 18874370
		mem[ 9 ] 1179650
		mem[ 10 ] 16842745
		mem[ 11 ] 25165824
		mem[ 12 ] 1
		mem[ 13 ] -1
		mem[ 14 ] 32766
		mem[ 15 ] 10383
	registers:
		reg[ 0 ] 0
		reg[ 1 ] 340209378
		reg[ 2 ] -33554432
		reg[ 3 ] 10383
		reg[ 4 ] 33554432
		reg[ 5 ] -1
		reg[ 6 ] -1
		reg[ 7 ] 0
end state

@@@
state:
	pc 9
	memory: 
		mem[ 0 ] 8519694
		mem[ 1 ] 8585231
		mem[ 2 ] 8650764
		mem[ 3 ] 8781837
		mem[ 4 ] 6029317
		mem[ 5 ] 19791873
		mem[ 6 ] 655361
		mem[ 7 ] 2359300
		mem[ 8 ] 18874370
		mem[ 9 ] 1179650
		mem[ 10 ] 16842745
		mem[ 11 ] 25165824
		mem[ 12 ] 1
		mem[ 13 ] -1
		mem[ 14 ] 32766
		mem[ 15 ] 10383
	registers:
		reg[ 0 ] 0
		reg[ 1 ] 340209378
		reg[ 2 ] -33554432
		reg[ 3 ] 10383
		reg[ 4 ] 33554432
		reg[ 5 ] -1
		reg[ 6 ] -1
		reg[ 7 ] 0
end state

@@@
state:
	pc 10
	memory: 
		mem[ 0 ] 8519694
		mem[ 1 ] 8585231
		mem[ 2 ] 8650764
		mem[ 3 ] 8781837
		mem[ 4 ] 6029317
		mem[ 5 ] 19791873
		mem[ 6 ] 655361
		mem[ 7 ] 2359300
		mem[ 8 ] 18874370
		mem[ 9 ] 1179650
		mem[ 10 ] 16842745
		mem[ 11 ] 25165824
		mem[ 12 ] 1
		mem[ 13 ] -1
		mem[ 14 ] 32766
		mem[ 15 ] 10383
	registers:
		reg[ 0 ] 0
		reg[ 1 ] 340209378
		reg[ 2 ] -67108864
		reg[ 3 ] 10383
		reg[ 4 ] 33554432
		reg[ 5 ] -1
		reg[ 6 ] -1
		reg[ 7 ] 0
end state

@@@
state:
	pc 4
	memory: 
		mem[ 0 ] 8519694
		mem[ 1 ] 8585231
		mem[ 2 ] 8650764
		mem[ 3 ] 8781837
		mem[ 4 ] 6029317
		mem[ 5 ] 19791873
		mem[ 6 ] 655361
		mem[ 7 ] 2359300
		mem[ 8 ] 18874370
		mem[ 9 ] 1179650
		mem[ 10 ] 16842745
		mem[ 11 ] 25165824
		mem[ 12 ] 1
		mem[ 13 ] -1
		mem[ 14 ] 32766
		mem[ 15 ] 10383
	registers:
		reg[ 0 ] 0
		reg[ 1 ] 340209378
		reg[ 2 ] -67108864
		reg[ 3 ] 10383
		reg[ 4 ] 33554432
		reg[ 5 ] -1
		reg[ 6 ] -1
		reg[ 7 ] 0
end state

@@@
state:
	pc 5
	memory: 
		mem[ 0 ] 8519694
		mem[ 1 ] 8585231
		mem[ 2 ] 8650764
		mem[ 3 ] 8781837
		mem[ 4 ] 6029317
		mem[ 5 ] 19791873
		mem[ 6 ] 655361
		mem[ 7 ] 2359300
		mem[ 8 ] 18874370
		mem[ 9 ] 1179650
		mem[ 10 ] 16842745
		mem[ 11 ] 25165824
		mem[ 12 ] 1
		mem[ 13 ] -1
		mem[ 14 ] 32766
		mem[ 15 ] 10383
	registers:
		reg[ 0 ] 0
		reg[ 1 ] 340209378
		reg[ 2 ] -67108864
		reg[ 3 ] 10383
		reg[ 4 ] 33554432
		reg[ 5 ] -1
		reg[ 6 ] -1
		reg[ 7 ] 0
end state

@@@
state:
	pc 7
	memory: 
		mem[ 0 ] 8519694
		mem[ 1 ] 8585231
		mem[ 2 ] 8650764
		mem[ 3 ] 8781837
		mem[ 4 ] 6029317
		mem[ 5 ] 19791873
		mem[ 6 ] 655361
		mem[ 7 ] 2359300
		mem[ 8 ] 18874370
		mem[ 9 ] 1179650
		mem[ 10 ] 16842745
		mem[ 11 ] 25165824
		mem[ 12 ] 1
		mem[ 13 ] -1
		mem[ 14 ] 32766
		mem[ 15 ] 10383
	registers:
		reg[ 0 ] 0
		reg[ 1 ] 340209378
		reg[ 2 ] -67108864
		reg[ 3 ] 10383
		reg[ 4 ] 33554432
		reg[ 5 ] -1
		reg[ 6 ] -1
		reg[ 7 ] 0
end state

@@@
state:
	pc 8
	memory: 
		mem[ 0 ] 8519694
		mem[ 1 ] 8585231
		mem[ 2 ] 8650764
		mem[ 3 ] 8781837
		mem[ 4 ] 6029317
		mem[ 5 ] 19791873
		mem[ 6 ] 655361
		mem[ 7 ] 2359300
		mem[ 8 ] 18874370
		mem[ 9 ] 1179650
		mem[ 10 ] 16842745
		mem[ 11 ] 25165824
		mem[ 12 ] 1
		mem[ 13 ] -1
		mem[ 14 ] 32766
		mem[ 15 ] 10383
	registers:
		reg[ 0 ] 0
		reg[ 1 ] 340209378
		reg[ 2 ] -67108864
		reg[ 3 ] 10383
		reg[ 4 ] 67108864
		reg[ 5 ] -1
		reg[ 6 ] -1
		reg[ 7 ] 0
end state

@@@
state:
	pc 9
	memory: 
		mem[ 0 ] 8519694
		mem[ 1 ] 8585231
		mem[ 2 ] 8650764
		mem[ 3 ] 8781837
		mem[ 4 ] 6029317
		mem[ 5 ] 19791873
		mem[ 6 ] 655361
		mem[ 7 ] 2359300
		mem[ 8 ] 18874370
		mem[ 9 ] 1179650
		mem[ 10 ] 16842745
		mem[ 11 ] 25165824
		mem[ 12 ] 1
		mem[ 13 ] -1
		mem[ 14 ] 32766
		mem[ 15 ] 10383
	registers:
		reg[ 0 ] 0
		reg[ 1 ] 340209378
		reg[ 2 ] -67108864
		reg[ 3 ] 10383
		reg[ 4 ] 67108864
		reg[ 5 ] -1
		reg[ 6 ] -1
		reg[ 7 ] 0
end state

@@@
state:
	pc 10
	memory: 
		mem[ 0 ] 8519694
		mem[ 1 ] 8585231
		mem[ 2 ] 8650764
		mem[ 3 ] 8781837
		mem[ 4 ] 6029317
		mem[ 5 ] 19791873
		mem[ 6 ] 655361
		mem[ 7 ] 2359300
		mem[ 8 ] 18874370
		mem[ 9 ] 1179650
		mem[ 10 ] 16842745
		mem[ 11 ] 25165824
		mem[ 12 ] 1
		mem[ 13 ] -1
		mem[ 14 ] 32766
		mem[ 15 ] 10383
	registers:
		reg[ 0 ] 0
		reg[ 1 ] 340209378
		reg[ 2 ] -134217728
		reg[ 3 ] 10383
		reg[ 4 ] 67108864
		reg[ 5 ] -1
		reg[ 6 ] -1
		reg[ 7 ] 0
end state

@@@
state:
	pc 4
	memory: 
		mem[ 0 ] 8519694
		mem[ 1 ] 8585231
		mem[ 2 ] 8650764
		mem[ 3 ] 8781837
		mem[ 4 ] 6029317
		mem[ 5 ] 19791873
		mem[ 6 ] 655361
		mem[ 7 ] 2359300
		mem[ 8 ] 18874370
		mem[ 9 ] 1179650
		mem[ 10 ] 16842745
		mem[ 11 ] 25165824
		mem[ 12 ] 1
		mem[ 13 ] -1
		mem[ 14 ] 32766
		mem[ 15 ] 10383
	registers:
		reg[ 0 ] 0
		reg[ 1 ] 340209378
		reg[ 2 ] -134217728
		reg[ 3 ] 10383
		reg[ 4 ] 67108864
		reg[ 5 ] -1
		reg[ 6 ] -1
		reg[ 7 ] 0
end state

@@@
state:
	pc 5
	memory: 
		mem[ 0 ] 8519694
		mem[ 1 ] 8585231
		mem[ 2 ] 8650764
		mem[ 3 ] 8781837
		mem[ 4 ] 6029317
		mem[ 5 ] 19791873
		mem[ 6 ] 655361
		mem[ 7 ] 2359300
		mem[ 8 ] 18874370
		mem[ 9 ] 1179650
		mem[ 10 ] 16842745
		mem[ 11 ] 25165824
		mem[ 12 ] 1
		mem[ 13 ] -1
		mem[ 14 ] 32766
		mem[ 15 ] 10383
	registers:
		reg[ 0 ] 0
		reg[ 1 ] 340209378
		reg[ 2 ] -134217728
		reg[ 3 ] 10383
		reg[ 4 ] 67108864
		reg[ 5 ] -1
		reg[ 6 ] -1
		reg[ 7 ] 0
end state

@@@
state:
	pc 7
	memory: 
		mem[ 0 ] 8519694
		mem[ 1 ] 8585231
		mem[ 2 ] 8650764
		mem[ 3 ] 8781837
		mem[ 4 ] 6029317
		mem[ 5 ] 19791873
		mem[ 6 ] 655361
		mem[ 7 ] 2359300
		mem[ 8 ] 18874370
		mem[ 9 ] 1179650
		mem[ 10 ] 16842745
		mem[ 11 ] 25165824
		mem[ 12 ] 1
		mem[ 13 ] -1
		mem[ 14 ] 32766
		mem[ 15 ] 10383
	registers:
		reg[ 0 ] 0
		reg[ 1 ] 340209378
		reg[ 2 ] -134217728
		reg[ 3 ] 10383
		reg[ 4 ] 67108864
		reg[ 5 ] -1
		reg[ 6 ] -1
		reg[ 7 ] 0
end state

@@@
state:
	pc 8
	memory: 
		mem[ 0 ] 8519694
		mem[ 1 ] 8585231
		mem[ 2 ] 8650764
		mem[ 3 ] 8781837
		mem[ 4 ] 6029317
		mem[ 5 ] 19791873
		mem[ 6 ] 655361
		mem[ 7 ] 2359300
		mem[ 8 ] 18874370
		mem[ 9 ] 1179650
		mem[ 10 ] 16842745
		mem[ 11 ] 25165824
		mem[ 12 ] 1
		mem[ 13 ] -1
		mem[ 14 ] 32766
		mem[ 15 ] 10383
	registers:
		reg[ 0 ] 0
		reg[ 1 ] 340209378
		reg[ 2 ] -134217728
		reg[ 3 ] 10383
		reg[ 4 ] 134217728
		reg[ 5 ] -1
		reg[ 6 ] -1
		reg[ 7 ] 0
end state

@@@
state:
	pc 9
	memory: 
		mem[ 0 ] 8519694
		mem[ 1 ] 8585231
		mem[ 2 ] 8650764
		mem[ 3 ] 8781837
		mem[ 4 ] 6029317
		mem[ 5 ] 19791873
		mem[ 6 ] 655361
		mem[ 7 ] 2359300
		mem[ 8 ] 18874370
		mem[ 9 ] 1179650
		mem[ 10 ] 16842745
		mem[ 11 ] 25165824
		mem[ 12 ] 1
		mem[ 13 ] -1
		mem[ 14 ] 32766
		mem[ 15 ] 10383
	registers:
		reg[ 0 ] 0
		reg[ 1 ] 340209378
		reg[ 2 ] -134217728
		reg[ 3 ] 10383
		reg[ 4 ] 134217728
		reg[ 5 ] -1
		reg[ 6 ] -1
		reg[ 7 ] 0
end state

@@@
state:
	pc 10
	memory: 
		mem[ 0 ] 8519694
		mem[ 1 ] 8585231
		mem[ 2 ] 8650764
		mem[ 3 ] 8781837
		mem[ 4 ] 6029317
		mem[ 5 ] 19791873
		mem[ 6 ] 655361
		mem[ 7 ] 2359300
		mem[ 8 ] 18874370
		mem[ 9 ] 1179650
		mem[ 10 ] 16842745
		mem[ 11 ] 25165824
		mem[ 12 ] 1
		mem[ 13 ] -1
		mem[ 14 ] 32766
		mem[ 15 ] 10383
	registers:
		reg[ 0 ] 0
		reg[ 1 ] 340209378
		reg[ 2 ] -268435456
		reg[ 3 ] 10383
		reg[ 4 ] 134217728
		reg[ 5 ] -1
		reg[ 6 ] -1
		reg[ 7 ] 0
end state

@@@
state:
	pc 4
	memory: 
		mem[ 0 ] 8519694
		mem[ 1 ] 8585231
		mem[ 2 ] 8650764
		mem[ 3 ] 8781837
		mem[ 4 ] 6029317
		mem[ 5 ] 19791873
		mem[ 6 ] 655361
		mem[ 7 ] 2359300
		mem[ 8 ] 18874370
		mem[ 9 ] 1179650
		mem[ 10 ] 16842745
		mem[ 11 ] 25165824
		mem[ 12 ] 1
		mem[ 13 ] -1
		mem[ 14 ] 32766
		mem[ 15 ] 10383
	registers:
		reg[ 0 ] 0
		reg[ 1 ] 340209378
		reg[ 2 ] -268435456
		reg[ 3 ] 10383
		reg[ 4 ] 134217728
		reg[ 5 ] -1
		reg[ 6 ] -1
		reg[ 7 ] 0
end state

@@@
state:
	pc 5
	memory: 
		mem[ 0 ] 8519694
		mem[ 1 ] 8585231
		mem[ 2 ] 8650764
		mem[ 3 ] 8781837
		mem[ 4 ] 6029317
		mem[ 5 ] 19791873
		mem[ 6 ] 655361
		mem[ 7 ] 2359300
		mem[ 8 ] 18874370
		mem[ 9 ] 1179650
		mem[ 10 ] 16842745
		mem[ 11 ] 25165824
		mem[ 12 ] 1
		mem[ 13 ] -1
		mem[ 14 ] 32766
		mem[ 15 ] 10383
	registers:
		reg[ 0 ] 0
		reg[ 1 ] 340209378
		reg[ 2 ] -268435456
		reg[ 3 ] 10383
		reg[ 4 ] 134217728
		reg[ 5 ] -1
		reg[ 6 ] -1
		reg[ 7 ] 0
end state

@@@
state:
	pc 7
	memory: 
		mem[ 0 ] 8519694
		mem[ 1 ] 8585231
		mem[ 2 ] 8650764
		mem[ 3 ] 8781837
		mem[ 4 ] 6029317
		mem[ 5 ] 19791873
		mem[ 6 ] 655361
		mem[ 7 ] 2359300
		mem[ 8 ] 18874370
		mem[ 9 ] 1179650
		mem[ 10 ] 16842745
		mem[ 11 ] 25165824
		mem[ 12 ] 1
		mem[ 13 ] -1
		mem[ 14 ] 32766
		mem[ 15 ] 10383
	registers:
		reg[ 0 ] 0
		reg[ 1 ] 340209378
		reg[ 2 ] -268435456
		reg[ 3 ] 10383
		reg[ 4 ] 134217728
		reg[ 5 ] -1
		reg[ 6 ] -1
		reg[ 7 ] 0
end state

@@@
state:
	pc 8
	memory: 
		mem[ 0 ] 8519694
		mem[ 1 ] 8585231
		mem[ 2 ] 8650764
		mem[ 3 ] 8781837
		mem[ 4 ] 6029317
		mem[ 5 ] 19791873
		mem[ 6 ] 655361
		mem[ 7 ] 2359300
		mem[ 8 ] 18874370
		mem[ 9 ] 1179650
		mem[ 10 ] 16842745
		mem[ 11 ] 25165824
		mem[ 12 ] 1
		mem[ 13 ] -1
		mem[ 14 ] 32766
		mem[ 15 ] 10383
	registers:
		reg[ 0 ] 0
		reg[ 1 ] 340209378
		reg[ 2 ] -268435456
		reg[ 3 ] 10383
		reg[ 4 ] 268435456
		reg[ 5 ] -1
		reg[ 6 ] -1
		reg[ 7 ] 0
end state

@@@
state:
	pc 9
	memory: 
		mem[ 0 ] 8519694
		mem[ 1 ] 8585231
		mem[ 2 ] 8650764
		mem[ 3 ] 8781837
		mem[ 4 ] 6029317
		mem[ 5 ] 19791873
		mem[ 6 ] 655361
		mem[ 7 ] 2359300
		mem[ 8 ] 18874370
		mem[ 9 ] 1179650
		mem[ 10 ] 16842745
		mem[ 11 ] 25165824
		mem[ 12 ] 1
		mem[ 13 ] -1
		mem[ 14 ] 32766
		mem[ 15 ] 10383
	registers:
		reg[ 0 ] 0
		reg[ 1 ] 340209378
		reg[ 2 ] -268435456
		reg[ 3 ] 10383
		reg[ 4 ] 268435456
		reg[ 5 ] -1
		reg[ 6 ] -1
		reg[ 7 ] 0
end state

@@@
state:
	pc 10
	memory: 
		mem[ 0 ] 8519694
		mem[ 1 ] 8585231
		mem[ 2 ] 8650764
		mem[ 3 ] 8781837
		mem[ 4 ] 6029317
		mem[ 5 ] 19791873
		mem[ 6 ] 655361
		mem[ 7 ] 2359300
		mem[ 8 ] 18874370
		mem[ 9 ] 1179650
		mem[ 10 ] 16842745
		mem[ 11 ] 25165824
		mem[ 12 ] 1
		mem[ 13 ] -1
		mem[ 14 ] 32766
		mem[ 15 ] 10383
	registers:
		reg[ 0 ] 0
		reg[ 1 ] 340209378
		reg[ 2 ] -536870912
		reg[ 3 ] 10383
		reg[ 4 ] 268435456
		reg[ 5 ] -1
		reg[ 6 ] -1
		reg[ 7 ] 0
end state

@@@
state:
	pc 4
	memory: 
		mem[ 0 ] 8519694
		mem[ 1 ] 8585231
		mem[ 2 ] 8650764
		mem[ 3 ] 8781837
		mem[ 4 ] 6029317
		mem[ 5 ] 19791873
		mem[ 6 ] 655361
		mem[ 7 ] 2359300
		mem[ 8 ] 18874370
		mem[ 9 ] 1179650
		mem[ 10 ] 16842745
		mem[ 11 ] 25165824
		mem[ 12 ] 1
		mem[ 13 ] -1
		mem[ 14 ] 32766
		mem[ 15 ] 10383
	registers:
		reg[ 0 ] 0
		reg[ 1 ] 340209378
		reg[ 2 ] -536870912
		reg[ 3 ] 10383
		reg[ 4 ] 268435456
		reg[ 5 ] -1
		reg[ 6 ] -1
		reg[ 7 ] 0
end state

@@@
state:
	pc 5
	memory: 
		mem[ 0 ] 8519694
		mem[ 1 ] 8585231
		mem[ 2 ] 8650764
		mem[ 3 ] 8781837
		mem[ 4 ] 6029317
		mem[ 5 ] 19791873
		mem[ 6 ] 655361
		mem[ 7 ] 2359300
		mem[ 8 ] 18874370
		mem[ 9 ] 1179650
		mem[ 10 ] 16842745
		mem[ 11 ] 25165824
		mem[ 12 ] 1
		mem[ 13 ] -1
		mem[ 14 ] 32766
		mem[ 15 ] 10383
	registers:
		reg[ 0 ] 0
		reg[ 1 ] 340209378
		reg[ 2 ] -536870912
		reg[ 3 ] 10383
		reg[ 4 ] 268435456
		reg[ 5 ] -1
		reg[ 6 ] -1
		reg[ 7 ] 0
end state

@@@
state:
	pc 7
	memory: 
		mem[ 0 ] 8519694
		mem[ 1 ] 8585231
		mem[ 2 ] 8650764
		mem[ 3 ] 8781837
		mem[ 4 ] 6029317
		mem[ 5 ] 19791873
		mem[ 6 ] 655361
		mem[ 7 ] 2359300
		mem[ 8 ] 18874370
		mem[ 9 ] 1179650
		mem[ 10 ] 16842745
		mem[ 11 ] 25165824
		mem[ 12 ] 1
		mem[ 13 ] -1
		mem[ 14 ] 32766
		mem[ 15 ] 10383
	registers:
		reg[ 0 ] 0
		reg[ 1 ] 340209378
		reg[ 2 ] -536870912
		reg[ 3 ] 10383
		reg[ 4 ] 268435456
		reg[ 5 ] -1
		reg[ 6 ] -1
		reg[ 7 ] 0
end state

@@@
state:
	pc 8
	memory: 
		mem[ 0 ] 8519694
		mem[ 1 ] 8585231
		mem[ 2 ] 8650764
		mem[ 3 ] 8781837
		mem[ 4 ] 6029317
		mem[ 5 ] 19791873
		mem[ 6 ] 655361
		mem[ 7 ] 2359300
		mem[ 8 ] 18874370
		mem[ 9 ] 1179650
		mem[ 10 ] 16842745
		mem[ 11 ] 25165824
		mem[ 12 ] 1
		mem[ 13 ] -1
		mem[ 14 ] 32766
		mem[ 15 ] 10383
	registers:
		reg[ 0 ] 0
		reg[ 1 ] 340209378
		reg[ 2 ] -536870912
		reg[ 3 ] 10383
		reg[ 4 ] 536870912
		reg[ 5 ] -1
		reg[ 6 ] -1
		reg[ 7 ] 0
end state

@@@
state:
	pc 9
	memory: 
		mem[ 0 ] 8519694
		mem[ 1 ] 8585231
		mem[ 2 ] 8650764
		mem[ 3 ] 8781837
		mem[ 4 ] 6029317
		mem[ 5 ] 19791873
		mem[ 6 ] 655361
		mem[ 7 ] 2359300
		mem[ 8 ] 18874370
		mem[ 9 ] 1179650
		mem[ 10 ] 16842745
		mem[ 11 ] 25165824
		mem[ 12 ] 1
		mem[ 13 ] -1
		mem[ 14 ] 32766
		mem[ 15 ] 10383
	registers:
		reg[ 0 ] 0
		reg[ 1 ] 340209378
		reg[ 2 ] -536870912
		reg[ 3 ] 10383
		reg[ 4 ] 536870912
		reg[ 5 ] -1
		reg[ 6 ] -1
		reg[ 7 ] 0
end state

@@@
state:
	pc 10
	memory: 
		mem[ 0 ] 8519694
		mem[ 1 ] 8585231
		mem[ 2 ] 8650764
		mem[ 3 ] 8781837
		mem[ 4 ] 6029317
		mem[ 5 ] 19791873
		mem[ 6 ] 655361
		mem[ 7 ] 2359300
		mem[ 8 ] 18874370
		mem[ 9 ] 1179650
		mem[ 10 ] 16842745
		mem[ 11 ] 25165824
		mem[ 12 ] 1
		mem[ 13 ] -1
		mem[ 14 ] 32766
		mem[ 15 ] 10383
	registers:
		reg[ 0 ] 0
		reg[ 1 ] 340209378
		reg[ 2 ] -1073741824
		reg[ 3 ] 10383
		reg[ 4 ] 536870912
		reg[ 5 ] -1
		reg[ 6 ] -1
		reg[ 7 ] 0
end state

@@@
state:
	pc 4
	memory: 
		mem[ 0 ] 8519694
		mem[ 1 ] 8585231
		mem[ 2 ] 8650764
		mem[ 3 ] 8781837
		mem[ 4 ] 6029317
		mem[ 5 ] 19791873
		mem[ 6 ] 655361
		mem[ 7 ] 2359300
		mem[ 8 ] 18874370
		mem[ 9 ] 1179650
		mem[ 10 ] 16842745
		mem[ 11 ] 25165824
		mem[ 12 ] 1
		mem[ 13 ] -1
		mem[ 14 ] 32766
		mem[ 15 ] 10383
	registers:
		reg[ 0 ] 0
		reg[ 1 ] 340209378
		reg[ 2 ] -1073741824
		reg[ 3 ] 10383
		reg[ 4 ] 536870912
		reg[ 5 ] -1
		reg[ 6 ] -1
		reg[ 7 ] 0
end state

@@@
state:
	pc 5
	memory: 
		mem[ 0 ] 8519694
		mem[ 1 ] 8585231
		mem[ 2 ] 8650764
		mem[ 3 ] 8781837
		mem[ 4 ] 6029317
		mem[ 5 ] 19791873
		mem[ 6 ] 655361
		mem[ 7 ] 2359300
		mem[ 8 ] 18874370
		mem[ 9 ] 1179650
		mem[ 10 ] 16842745
		mem[ 11 ] 25165824
		mem[ 12 ] 1
		mem[ 13 ] -1
		mem[ 14 ] 32766
		mem[ 15 ] 10383
	registers:
		reg[ 0 ] 0
		reg[ 1 ] 340209378
		reg[ 2 ] -1073741824
		reg[ 3 ] 10383
		reg[ 4 ] 536870912
		reg[ 5 ] -1
		reg[ 6 ] -1
		reg[ 7 ] 0
end state

@@@
state:
	pc 7
	memory: 
		mem[ 0 ] 8519694
		mem[ 1 ] 8585231
		mem[ 2 ] 8650764
		mem[ 3 ] 8781837
		mem[ 4 ] 6029317
		mem[ 5 ] 19791873
		mem[ 6 ] 655361
		mem[ 7 ] 2359300
		mem[ 8 ] 18874370
		mem[ 9 ] 1179650
		mem[ 10 ] 16842745
		mem[ 11 ] 25165824
		mem[ 12 ] 1
		mem[ 13 ] -1
		mem[ 14 ] 32766
		mem[ 15 ] 10383
	registers:
		reg[ 0 ] 0
		reg[ 1 ] 340209378
		reg[ 2 ] -1073741824
		reg[ 3 ] 10383
		reg[ 4 ] 536870912
		reg[ 5 ] -1
		reg[ 6 ] -1
		reg[ 7 ] 0
end state

@@@
state:
	pc 8
	memory: 
		mem[ 0 ] 8519694
		mem[ 1 ] 8585231
		mem[ 2 ] 8650764
		mem[ 3 ] 8781837
		mem[ 4 ] 6029317
		mem[ 5 ] 19791873
		mem[ 6 ] 655361
		mem[ 7 ] 2359300
		mem[ 8 ] 18874370
		mem[ 9 ] 1179650
		mem[ 10 ] 16842745
		mem[ 11 ] 25165824
		mem[ 12 ] 1
		mem[ 13 ] -1
		mem[ 14 ] 32766
		mem[ 15 ] 10383
	registers:
		reg[ 0 ] 0
		reg[ 1 ] 340209378
		reg[ 2 ] -1073741824
		reg[ 3 ] 10383
		reg[ 4 ] 1073741824
		reg[ 5 ] -1
		reg[ 6 ] -1
		reg[ 7 ] 0
end state

@@@
state:
	pc 9
	memory: 
		mem[ 0 ] 8519694
		mem[ 1 ] 8585231
		mem[ 2 ] 8650764
		mem[ 3 ] 8781837
		mem[ 4 ] 6029317
		mem[ 5 ] 19791873
		mem[ 6 ] 655361
		mem[ 7 ] 2359300
		mem[ 8 ] 18874370
		mem[ 9 ] 1179650
		mem[ 10 ] 16842745
		mem[ 11 ] 25165824
		mem[ 12 ] 1
		mem[ 13 ] -1
		mem[ 14 ] 32766
		mem[ 15 ] 10383
	registers:
		reg[ 0 ] 0
		reg[ 1 ] 340209378
		reg[ 2 ] -1073741824
		reg[ 3 ] 10383
		reg[ 4 ] 1073741824
		reg[ 5 ] -1
		reg[ 6 ] -1
		reg[ 7 ] 0
end state

@@@
state:
	pc 10
	memory: 
		mem[ 0 ] 8519694
		mem[ 1 ] 8585231
		mem[ 2 ] 8650764
		mem[ 3 ] 8781837
		mem[ 4 ] 6029317
		mem[ 5 ] 19791873
		mem[ 6 ] 655361
		mem[ 7 ] 2359300
		mem[ 8 ] 18874370
		mem[ 9 ] 1179650
		mem[ 10 ] 16842745
		mem[ 11 ] 25165824
		mem[ 12 ] 1
		mem[ 13 ] -1
		mem[ 14 ] 32766
		mem[ 15 ] 10383
	registers:
		reg[ 0 ] 0
		reg[ 1 ] 340209378
		reg[ 2 ] -2147483648
		reg[ 3 ] 10383
		reg[ 4 ] 1073741824
		reg[ 5 ] -1
		reg[ 6 ] -1
		reg[ 7 ] 0
end state

@@@
state:
	pc 4
	memory: 
		mem[ 0 ] 8519694
		mem[ 1 ] 8585231
		mem[ 2 ] 8650764
		mem[ 3 ] 8781837
		mem[ 4 ] 6029317
		mem[ 5 ] 19791873
		mem[ 6 ] 655361
		mem[ 7 ] 2359300
		mem[ 8 ] 18874370
		mem[ 9 ] 1179650
		mem[ 10 ] 16842745
		mem[ 11 ] 25165824
		mem[ 12 ] 1
		mem[ 13 ] -1
		mem[ 14 ] 32766
		mem[ 15 ] 10383
	registers:
		reg[ 0 ] 0
		reg[ 1 ] 340209378
		reg[ 2 ] -2147483648
		reg[ 3 ] 10383
		reg[ 4 ] 1073741824
		reg[ 5 ] -1
		reg[ 6 ] -1
		reg[ 7 ] 0
end state

@@@
state:
	pc 5
	memory: 
		mem[ 0 ] 8519694
		mem[ 1 ] 8585231
		mem[ 2 ] 8650764
		mem[ 3 ] 8781837
		mem[ 4 ] 6029317
		mem[ 5 ] 19791873
		mem[ 6 ] 655361
		mem[ 7 ] 2359300
		mem[ 8 ] 18874370
		mem[ 9 ] 1179650
		mem[ 10 ] 16842745
		mem[ 11 ] 25165824
		mem[ 12 ] 1
		mem[ 13 ] -1
		mem[ 14 ] 32766
		mem[ 15 ] 10383
	registers:
		reg[ 0 ] 0
		reg[ 1 ] 340209378
		reg[ 2 ] -2147483648
		reg[ 3 ] 10383
		reg[ 4 ] 1073741824
		reg[ 5 ] -1
		reg[ 6 ] -1
		reg[ 7 ] 0
end state

@@@
state:
	pc 7
	memory: 
		mem[ 0 ] 8519694
		mem[ 1 ] 8585231
		mem[ 2 ] 8650764
		mem[ 3 ] 8781837
		mem[ 4 ] 6029317
		mem[ 5 ] 19791873
		mem[ 6 ] 655361
		mem[ 7 ] 2359300
		mem[ 8 ] 18874370
		mem[ 9 ] 1179650
		mem[ 10 ] 16842745
		mem[ 11 ] 25165824
		mem[ 12 ] 1
		mem[ 13 ] -1
		mem[ 14 ] 32766
		mem[ 15 ] 10383
	registers:
		reg[ 0 ] 0
		reg[ 1 ] 340209378
		reg[ 2 ] -2147483648
		reg[ 3 ] 10383
		reg[ 4 ] 1073741824
		reg[ 5 ] -1
		reg[ 6 ] -1
		reg[ 7 ] 0
end state

@@@
state:
	pc 8
	memory: 
		mem[ 0 ] 8519694
		mem[ 1 ] 8585231
		mem[ 2 ] 8650764
		mem[ 3 ] 8781837
		mem[ 4 ] 6029317
		mem[ 5 ] 19791873
		mem[ 6 ] 655361
		mem[ 7 ] 2359300
		mem[ 8 ] 18874370
		mem[ 9 ] 1179650
		mem[ 10 ] 16842745
		mem[ 11 ] 25165824
		mem[ 12 ] 1
		mem[ 13 ] -1
		mem[ 14 ] 32766
		mem[ 15 ] 10383
	registers:
		reg[ 0 ] 0
		reg[ 1 ] 340209378
		reg[ 2 ] -2147483648
		reg[ 3 ] 10383
		reg[ 4 ] -2147483648
		reg[ 5 ] -1
		reg[ 6 ] -1
		reg[ 7 ] 0
end state

@@@
state:
	pc 9
	memory: 
		mem[ 0 ] 8519694
		mem[ 1 ] 8585231
		mem[ 2 ] 8650764
		mem[ 3 ] 8781837
		mem[ 4 ] 6029317
		mem[ 5 ] 19791873
		mem[ 6 ] 655361
		mem[ 7 ] 2359300
		mem[ 8 ] 18874370
		mem[ 9 ] 1179650
		mem[ 10 ] 16842745
		mem[ 11 ] 25165824
		mem[ 12 ] 1
		mem[ 13 ] -1
		mem[ 14 ] 32766
		mem[ 15 ] 10383
	registers:
		reg[ 0 ] 0
		reg[ 1 ] 340209378
		reg[ 2 ] -2147483648
		reg[ 3 ] 10383
		reg[ 4 ] -2147483648
		reg[ 5 ] -1
		reg[ 6 ] -1
		reg[ 7 ] 0
end state

@@@
state:
	pc 10
	memory: 
		mem[ 0 ] 8519694
		mem[ 1 ] 8585231
		mem[ 2 ] 8650764
		mem[ 3 ] 8781837
		mem[ 4 ] 6029317
		mem[ 5 ] 19791873
		mem[ 6 ] 655361
		mem[ 7 ] 2359300
		mem[ 8 ] 18874370
		mem[ 9 ] 1179650
		mem[ 10 ] 16842745
		mem[ 11 ] 25165824
		mem[ 12 ] 1
		mem[ 13 ] -1
		mem[ 14 ] 32766
		mem[ 15 ] 10383
	registers:
		reg[ 0 ] 0
		reg[ 1 ] 340209378
		reg[ 2 ] 0
		reg[ 3 ] 10383
		reg[ 4 ] -2147483648
		reg[ 5 ] -1
		reg[ 6 ] -1
		reg[ 7 ] 0
end state

@@@
state:
	pc 4
	memory: 
		mem[ 0 ] 8519694
		mem[ 1 ] 8585231
		mem[ 2 ] 8650764
		mem[ 3 ] 8781837
		mem[ 4 ] 6029317
		mem[ 5 ] 19791873
		mem[ 6 ] 655361
		mem[ 7 ] 2359300
		mem[ 8 ] 18874370
		mem[ 9 ] 1179650
		mem[ 10 ] 16842745
		mem[ 11 ] 25165824
		mem[ 12 ] 1
		mem[ 13 ] -1
		mem[ 14 ] 32766
		mem[ 15 ] 10383
	registers:
		reg[ 0 ] 0
		reg[ 1 ] 340209378
		reg[ 2 ] 0
		reg[ 3 ] 10383
		reg[ 4 ] -2147483648
		reg[ 5 ] -1
		reg[ 6 ] -1
		reg[ 7 ] 0
end state

@@@
state:
	pc 5
	memory: 
		mem[ 0 ] 8519694
		mem[ 1 ] 8585231
		mem[ 2 ] 8650764
		mem[ 3 ] 8781837
		mem[ 4 ] 6029317
		mem[ 5 ] 19791873
		mem[ 6 ] 655361
		mem[ 7 ] 2359300
		mem[ 8 ] 18874370
		mem[ 9 ] 1179650
		mem[ 10 ] 16842745
		mem[ 11 ] 25165824
		mem[ 12 ] 1
		mem[ 13 ] -1
		mem[ 14 ] 32766
		mem[ 15 ] 10383
	registers:
		reg[ 0 ] 0
		reg[ 1 ] 340209378
		reg[ 2 ] 0
		reg[ 3 ] 10383
		reg[ 4 ] -2147483648
		reg[ 5 ] -1
		reg[ 6 ] -1
		reg[ 7 ] 0
end state

@@@
state:
	pc 7
	memory: 
		mem[ 0 ] 8519694
		mem[ 1 ] 8585231
		mem[ 2 ] 8650764
		mem[ 3 ] 8781837
		mem[ 4 ] 6029317
		mem[ 5 ] 19791873
		mem[ 6 ] 655361
		mem[ 7 ] 2359300
		mem[ 8 ] 18874370
		mem[ 9 ] 1179650
		mem[ 10 ] 16842745
		mem[ 11 ] 25165824
		mem[ 12 ] 1
		mem[ 13 ] -1
		mem[ 14 ] 32766
		mem[ 15 ] 10383
	registers:
		reg[ 0 ] 0
		reg[ 1 ] 340209378
		reg[ 2 ] 0
		reg[ 3 ] 10383
		reg[ 4 ] -2147483648
		reg[ 5 ] -1
		reg[ 6 ] -1
		reg[ 7 ] 0
end state

@@@
state:
	pc 8
	memory: 
		mem[ 0 ] 8519694
		mem[ 1 ] 8585231
		mem[ 2 ] 8650764
		mem[ 3 ] 8781837
		mem[ 4 ] 6029317
		mem[ 5 ] 19791873
		mem[ 6 ] 655361
		mem[ 7 ] 2359300
		mem[ 8 ] 18874370
		mem[ 9 ] 1179650
		mem[ 10 ] 16842745
		mem[ 11 ] 25165824
		mem[ 12 ] 1
		mem[ 13 ] -1
		mem[ 14 ] 32766
		mem[ 15 ] 10383
	registers:
		reg[ 0 ] 0
		reg[ 1 ] 340209378
		reg[ 2 ] 0
		reg[ 3 ] 10383
		reg[ 4 ] 0
		reg[ 5 ] -1
		reg[ 6 ] -1
		reg[ 7 ] 0
end state

@@@
state:
	pc 11
	memory: 
		mem[ 0 ] 8519694
		mem[ 1 ] 8585231
		mem[ 2 ] 8650764
		mem[ 3 ] 8781837
		mem[ 4 ] 6029317
		mem[ 5 ] 19791873
		mem[ 6 ] 655361
		mem[ 7 ] 2359300
		mem[ 8 ] 18874370
		mem[ 9 ] 1179650
		mem[ 10 ] 16842745
		mem[ 11 ] 25165824
		mem[ 12 ] 1
		mem[ 13 ] -1
		mem[ 14 ] 32766
		mem[ 15 ] 10383
	registers:
		reg[ 0 ] 0
		reg[ 1 ] 340209378
		reg[ 2 ] 0
		reg[ 3 ] 10383
		reg[ 4 ] 0
		reg[ 5 ] -1
		reg[ 6 ] -1
		reg[ 7 ] 0
end state

@@@
state:
	pc 11
	memory: 
		mem[ 0 ] 8519694
		mem[ 1 ] 8585231
		mem[ 2 ] 8650764
		mem[ 3 ] 8781837
		mem[ 4 ] 6029317
		mem[ 5 ] 19791873
		mem[ 6 ] 655361
		mem[ 7 ] 2359300
		mem[ 8 ] 18874370
		mem[ 9 ] 1179650
		mem[ 10 ] 16842745
		mem[ 11 ] 25165824
		mem[ 12 ] 1
		mem[ 13 ] -1
		mem[ 14 ] 32766
		mem[ 15 ] 10383
	registers:
		reg[ 0 ] 0
		reg[ 1 ] 340209378
		reg[ 2 ] 0
		reg[ 3 ] 10383
		reg[ 4 ] 0
		reg[ 5 ] -1
		reg[ 6 ] -1
		reg[ 7 ] 0
end state
machine halted
total of 202 instructions executed
final state of machine:

@@@
state:
	pc 11
	memory: 
		mem[ 0 ] 8519694
		mem[ 1 ] 8585231
		mem[ 2 ] 8650764
		mem[ 3 ] 8781837
		mem[ 4 ] 6029317
		mem[ 5 ] 19791873
		mem[ 6 ] 655361
		mem[ 7 ] 2359300
		mem[ 8 ] 18874370
		mem[ 9 ] 1179650
		mem[ 10 ] 16842745
		mem[ 11 ] 25165824
		mem[ 12 ] 1
		mem[ 13 ] -1
		mem[ 14 ] 32766
		mem[ 15 ] 10383
	registers:
		reg[ 0 ] 0
		reg[ 1 ] 340209378
		reg[ 2 ] 0
		reg[ 3 ] 10383
		reg[ 4 ] 0
		reg[ 5 ] -1
		reg[ 6 ] -1
		reg[ 7 ] 0
end state
